#
# There is insufficient memory for the Java Runtime Environment to continue.
# Native memory allocation (mmap) failed to map 86507520 bytes for committing reserved memory.
# Possible reasons:
#   The system is out of physical RAM or swap space
#   In 32 bit mode, the process size limit was hit
# Possible solutions:
#   Reduce memory load on the system
#   Increase physical memory or swap space
#   Check if swap backing store is full
#   Use 64 bit Java on a 64 bit OS
#   Decrease Java heap size (-Xmx/-Xms)
#   Decrease number of Java threads
#   Decrease Java thread stack sizes (-Xss)
#   Set larger code cache with -XX:ReservedCodeCacheSize=
# This output file may be truncated or incomplete.
#
#  Out of Memory Error (os_linux.cpp:2673), pid=13543, tid=140389054785280
#
# JRE version: OpenJDK Runtime Environment (8.0_45-b14) (build 1.8.0_45-internal-b14)
# Java VM: OpenJDK 64-Bit Server VM (25.45-b02 mixed mode linux-amd64 compressed oops)
# Failed to write core dump. Core dumps have been disabled. To enable core dumping, try "ulimit -c unlimited" before starting Java again
#

---------------  T H R E A D  ---------------

Current thread (0x00007faef4073800):  VMThread [stack: 0x00007faedfada000,0x00007faedfbdb000] [id=13551]

Stack: [0x00007faedfada000,0x00007faedfbdb000],  sp=0x00007faedfbd94b0,  free space=1021k
Native frames: (J=compiled Java code, j=interpreted, Vv=VM code, C=native code)
V  [libjvm.so+0xa902bd]  VMError::report_and_die()+0x15d
V  [libjvm.so+0x4e783c]  report_vm_out_of_memory(char const*, int, unsigned long, VMErrorType, char const*)+0xac
V  [libjvm.so+0x8e03b0]  os::pd_commit_memory(char*, unsigned long, unsigned long, bool)+0xf0
V  [libjvm.so+0x8daaee]  os::commit_memory(char*, unsigned long, unsigned long, bool)+0x2e
V  [libjvm.so+0x955a9b]  PSVirtualSpace::expand_by(unsigned long)+0x5b
V  [libjvm.so+0x956e03]  PSYoungGen::resize(unsigned long, unsigned long)+0x103
V  [libjvm.so+0x953a8e]  PSScavenge::invoke_no_policy()+0x14be
V  [libjvm.so+0x94c149]  PSParallelCompact::invoke(bool)+0x49
V  [libjvm.so+0x466ed3]  CollectedHeap::collect_as_vm_thread(GCCause::Cause)+0x163
V  [libjvm.so+0xa91719]  VM_CollectForMetadataAllocation::doit()+0x169
V  [libjvm.so+0xa968f7]  VM_Operation::evaluate()+0x47
V  [libjvm.so+0xa94c17]  VMThread::evaluate_operation(VM_Operation*)+0xe7
V  [libjvm.so+0xa95447]  VMThread::loop()+0x227
V  [libjvm.so+0xa95991]  VMThread::run()+0x81
V  [libjvm.so+0x8dd8a2]  java_start(Thread*)+0xf2

VM_Operation (0x00007faefc0c0870): CollectForMetadataAllocation, mode: safepoint, requested by thread 0x00007faef400a000


---------------  P R O C E S S  ---------------

Java Threads: ( => current thread )
  0x00007faef45cf800 JavaThread "Timer-0" daemon [_thread_blocked, id=13575, stack(0x00007faedd3da000,0x00007faedd4db000)]
  0x00007faef446c000 JavaThread "btpool0-1" [_thread_blocked, id=13573, stack(0x00007faedd7ad000,0x00007faedd8ae000)]
  0x00007faef446f000 JavaThread "btpool0-0" [_thread_blocked, id=13572, stack(0x00007faedd8ae000,0x00007faedd9af000)]
  0x00007faef444e000 JavaThread "StopMonitor" daemon [_thread_in_native, id=13571, stack(0x00007faedd9af000,0x00007faeddab0000)]
  0x00007faef4319000 JavaThread "pool-1-thread-5" [_thread_blocked, id=13568, stack(0x00007faeddd27000,0x00007faedde28000)]
  0x00007faef4318800 JavaThread "pool-1-thread-4" [_thread_blocked, id=13567, stack(0x00007faedde28000,0x00007faeddf29000)]
  0x00007fae9c001000 JavaThread "pool-1-thread-3" [_thread_blocked, id=13566, stack(0x00007faede132000,0x00007faede233000)]
  0x00007faef42a6800 JavaThread "pool-1-thread-2" [_thread_blocked, id=13565, stack(0x00007faede233000,0x00007faede334000)]
  0x00007faef42a4800 JavaThread "pool-1-thread-1" [_thread_blocked, id=13564, stack(0x00007faede334000,0x00007faede435000)]
  0x00007faef41f4000 JavaThread "process reaper" daemon [_thread_blocked, id=13562, stack(0x00007faede43d000,0x00007faede476000)]
  0x00007faef4131000 JavaThread "Monitor Ctrl-Break" daemon [_thread_in_native, id=13560, stack(0x00007faede9b8000,0x00007faedeab9000)]
  0x00007faef40af000 JavaThread "Service Thread" daemon [_thread_blocked, id=13558, stack(0x00007faededf2000,0x00007faedeef3000)]
  0x00007faef40aa000 JavaThread "C1 CompilerThread1" daemon [_thread_blocked, id=13557, stack(0x00007faedeef3000,0x00007faedeff4000)]
  0x00007faef40a7000 JavaThread "C2 CompilerThread0" daemon [_thread_blocked, id=13556, stack(0x00007faedeff4000,0x00007faedf0f5000)]
  0x00007faef40a5000 JavaThread "Signal Dispatcher" daemon [_thread_blocked, id=13555, stack(0x00007faedf0f5000,0x00007faedf1f6000)]
  0x00007faef407b000 JavaThread "Finalizer" daemon [_thread_blocked, id=13553, stack(0x00007faedf8d8000,0x00007faedf9d9000)]
  0x00007faef4078800 JavaThread "Reference Handler" daemon [_thread_blocked, id=13552, stack(0x00007faedf9d9000,0x00007faedfada000)]
  0x00007faef400a000 JavaThread "main" [_thread_blocked, id=13548, stack(0x00007faefbfc4000,0x00007faefc0c5000)]

Other Threads:
=>0x00007faef4073800 VMThread [stack: 0x00007faedfada000,0x00007faedfbdb000] [id=13551]
  0x00007faef40b4000 WatcherThread [stack: 0x00007faedecf1000,0x00007faededf2000] [id=13559]

VM state:at safepoint (normal execution)

VM Mutex/Monitor currently owned by a thread:  ([mutex/lock_event])
[0x00007faef4006950] Threads_lock - owner thread: 0x00007faef4073800
[0x00007faef4006e50] Heap_lock - owner thread: 0x00007faef400a000

Heap:
 PSYoungGen      total 134656K, used 9713K [0x00000000ebf00000, 0x00000000f4d00000, 0x0000000100000000)
  eden space 124928K, 0% used [0x00000000ebf00000,0x00000000ebf00000,0x00000000f3900000)
  from space 9728K, 99% used [0x00000000f3900000,0x00000000f427c640,0x00000000f4280000)
  to   space 8704K, 0% used [0x00000000f4280000,0x00000000f4280000,0x00000000f4b00000)
 ParOldGen       total 42496K, used 21862K [0x00000000c3c00000, 0x00000000c6580000, 0x00000000ebf00000)
  object space 42496K, 51% used [0x00000000c3c00000,0x00000000c51598f0,0x00000000c6580000)
 Metaspace       used 20679K, capacity 21110K, committed 21248K, reserved 1069056K
  class space    used 2352K, capacity 2525K, committed 2560K, reserved 1048576K

Card table byte_map: [0x00007faef84cc000,0x00007faef86af000] byte_map_base: 0x00007faef7eae000

Marking Bits: (ParMarkBitMap*) 0x00007faefb298e80
 Begin Bits: [0x00007faedb1e0000, 0x00007faedc0f0000)
 End Bits:   [0x00007faedc0f0000, 0x00007faedd000000)

Polling page: 0x00007faefc0ea000

CodeCache: size=245760Kb used=9597Kb max_used=10589Kb free=236163Kb
 bounds [0x00007faee5000000, 0x00007faee5a60000, 0x00007faef4000000]
 total_blobs=3167 nmethods=2807 adapters=275
 compilation: enabled

Compilation events (10 events):
Event: 59.573 Thread 0x00007faef40aa000 3223  s    3       java.beans.PropertyDescriptor::setReadMethod (64 bytes)
Event: 59.577 Thread 0x00007faef40aa000 nmethod 3223 0x00007faee534c110 code [0x00007faee534c4e0, 0x00007faee534e918]
Event: 59.577 Thread 0x00007faef40aa000 3225       3       sun.reflect.DelegatingMethodAccessorImpl::invoke (10 bytes)
Event: 59.578 Thread 0x00007faef40aa000 nmethod 3225 0x00007faee57a0390 code [0x00007faee57a0500, 0x00007faee57a0728]
Event: 59.578 Thread 0x00007faef40aa000 3224  s    3       java.beans.PropertyDescriptor::setWriteMethod (61 bytes)
Event: 59.581 Thread 0x00007faef40aa000 nmethod 3224 0x00007faee53fbb50 code [0x00007faee53fbf20, 0x00007faee53fe358]
Event: 59.702 Thread 0x00007faef40aa000 3226       3       java.util.regex.Matcher::group (112 bytes)
Event: 59.703 Thread 0x00007faef40aa000 nmethod 3226 0x00007faee513fe90 code [0x00007faee51400e0, 0x00007faee5140e28]
Event: 59.703 Thread 0x00007faef40aa000 3227       3       java.util.Formatter$Flags::contains (22 bytes)
Event: 59.704 Thread 0x00007faef40aa000 nmethod 3227 0x00007faee579ff10 code [0x00007faee57a0080, 0x00007faee57a0290]

GC Heap History (10 events):
Event: 4.292 GC heap after
Heap after GC invocations=4 (full 0):
 PSYoungGen      total 34304K, used 2528K [0x00000000ebf00000, 0x00000000ee300000, 0x0000000100000000)
  eden space 31744K, 0% used [0x00000000ebf00000,0x00000000ebf00000,0x00000000ede00000)
  from space 2560K, 98% used [0x00000000ee080000,0x00000000ee2f8020,0x00000000ee300000)
  to   space 2560K, 0% used [0x00000000ede00000,0x00000000ede00000,0x00000000ee080000)
 ParOldGen       total 42496K, used 5132K [0x00000000c3c00000, 0x00000000c6580000, 0x00000000ebf00000)
  object space 42496K, 12% used [0x00000000c3c00000,0x00000000c4103248,0x00000000c6580000)
 Metaspace       used 8768K, capacity 8994K, committed 9088K, reserved 1056768K
  class space    used 974K, capacity 1073K, committed 1152K, reserved 1048576K
}
Event: 5.170 GC heap before
{Heap before GC invocations=5 (full 0):
 PSYoungGen      total 34304K, used 34272K [0x00000000ebf00000, 0x00000000ee300000, 0x0000000100000000)
  eden space 31744K, 100% used [0x00000000ebf00000,0x00000000ede00000,0x00000000ede00000)
  from space 2560K, 98% used [0x00000000ee080000,0x00000000ee2f8020,0x00000000ee300000)
  to   space 2560K, 0% used [0x00000000ede00000,0x00000000ede00000,0x00000000ee080000)
 ParOldGen       total 42496K, used 5132K [0x00000000c3c00000, 0x00000000c6580000, 0x00000000ebf00000)
  object space 42496K, 12% used [0x00000000c3c00000,0x00000000c4103248,0x00000000c6580000)
 Metaspace       used 9008K, capacity 9256K, committed 9344K, reserved 1056768K
  class space    used 979K, capacity 1074K, committed 1152K, reserved 1048576K
Event: 5.216 GC heap after
Heap after GC invocations=5 (full 0):
 PSYoungGen      total 34304K, used 2544K [0x00000000ebf00000, 0x00000000f0800000, 0x0000000100000000)
  eden space 31744K, 0% used [0x00000000ebf00000,0x00000000ebf00000,0x00000000ede00000)
  from space 2560K, 99% used [0x00000000ede00000,0x00000000ee07c010,0x00000000ee080000)
  to   space 5632K, 0% used [0x00000000f0280000,0x00000000f0280000,0x00000000f0800000)
 ParOldGen       total 42496K, used 7670K [0x00000000c3c00000, 0x00000000c6580000, 0x00000000ebf00000)
  object space 42496K, 18% used [0x00000000c3c00000,0x00000000c437d888,0x00000000c6580000)
 Metaspace       used 9008K, capacity 9256K, committed 9344K, reserved 1056768K
  class space    used 979K, capacity 1074K, committed 1152K, reserved 1048576K
}
Event: 6.212 GC heap before
{Heap before GC invocations=6 (full 0):
 PSYoungGen      total 34304K, used 34288K [0x00000000ebf00000, 0x00000000f0800000, 0x0000000100000000)
  eden space 31744K, 100% used [0x00000000ebf00000,0x00000000ede00000,0x00000000ede00000)
  from space 2560K, 99% used [0x00000000ede00000,0x00000000ee07c010,0x00000000ee080000)
  to   space 5632K, 0% used [0x00000000f0280000,0x00000000f0280000,0x00000000f0800000)
 ParOldGen       total 42496K, used 7670K [0x00000000c3c00000, 0x00000000c6580000, 0x00000000ebf00000)
  object space 42496K, 18% used [0x00000000c3c00000,0x00000000c437d888,0x00000000c6580000)
 Metaspace       used 9278K, capacity 9568K, committed 9856K, reserved 1058816K
  class space    used 1000K, capacity 1114K, committed 1152K, reserved 1048576K
Event: 6.246 GC heap after
Heap after GC invocations=6 (full 0):
 PSYoungGen      total 68608K, used 5338K [0x00000000ebf00000, 0x00000000f0900000, 0x0000000100000000)
  eden space 62976K, 0% used [0x00000000ebf00000,0x00000000ebf00000,0x00000000efc80000)
  from space 5632K, 94% used [0x00000000f0280000,0x00000000f07b6970,0x00000000f0800000)
  to   space 6144K, 0% used [0x00000000efc80000,0x00000000efc80000,0x00000000f0280000)
 ParOldGen       total 42496K, used 7678K [0x00000000c3c00000, 0x00000000c6580000, 0x00000000ebf00000)
  object space 42496K, 18% used [0x00000000c3c00000,0x00000000c437f888,0x00000000c6580000)
 Metaspace       used 9278K, capacity 9568K, committed 9856K, reserved 1058816K
  class space    used 1000K, capacity 1114K, committed 1152K, reserved 1048576K
}
Event: 9.050 GC heap before
{Heap before GC invocations=7 (full 0):
 PSYoungGen      total 68608K, used 68314K [0x00000000ebf00000, 0x00000000f0900000, 0x0000000100000000)
  eden space 62976K, 100% used [0x00000000ebf00000,0x00000000efc80000,0x00000000efc80000)
  from space 5632K, 94% used [0x00000000f0280000,0x00000000f07b6970,0x00000000f0800000)
  to   space 6144K, 0% used [0x00000000efc80000,0x00000000efc80000,0x00000000f0280000)
 ParOldGen       total 42496K, used 7678K [0x00000000c3c00000, 0x00000000c6580000, 0x00000000ebf00000)
  object space 42496K, 18% used [0x00000000c3c00000,0x00000000c437f888,0x00000000c6580000)
 Metaspace       used 9449K, capacity 9766K, committed 9856K, reserved 1058816K
  class space    used 1000K, capacity 1115K, committed 1152K, reserved 1048576K
Event: 9.109 GC heap after
Heap after GC invocations=7 (full 0):
 PSYoungGen      total 69120K, used 6131K [0x00000000ebf00000, 0x00000000f4b00000, 0x0000000100000000)
  eden space 62976K, 0% used [0x00000000ebf00000,0x00000000ebf00000,0x00000000efc80000)
  from space 6144K, 99% used [0x00000000efc80000,0x00000000f027cf70,0x00000000f0280000)
  to   space 8704K, 0% used [0x00000000f4280000,0x00000000f4280000,0x00000000f4b00000)
 ParOldGen       total 42496K, used 11049K [0x00000000c3c00000, 0x00000000c6580000, 0x00000000ebf00000)
  object space 42496K, 26% used [0x00000000c3c00000,0x00000000c46ca600,0x00000000c6580000)
 Metaspace       used 9449K, capacity 9766K, committed 9856K, reserved 1058816K
  class space    used 1000K, capacity 1115K, committed 1152K, reserved 1048576K
}
Event: 9.967 GC heap before
{Heap before GC invocations=8 (full 0):
 PSYoungGen      total 69120K, used 69107K [0x00000000ebf00000, 0x00000000f4b00000, 0x0000000100000000)
  eden space 62976K, 100% used [0x00000000ebf00000,0x00000000efc80000,0x00000000efc80000)
  from space 6144K, 99% used [0x00000000efc80000,0x00000000f027cf70,0x00000000f0280000)
  to   space 8704K, 0% used [0x00000000f4280000,0x00000000f4280000,0x00000000f4b00000)
 ParOldGen       total 42496K, used 11049K [0x00000000c3c00000, 0x00000000c6580000, 0x00000000ebf00000)
  object space 42496K, 26% used [0x00000000c3c00000,0x00000000c46ca600,0x00000000c6580000)
 Metaspace       used 9785K, capacity 10152K, committed 10496K, reserved 1058816K
  class space    used 1027K, capacity 1158K, committed 1280K, reserved 1048576K
Event: 10.034 GC heap after
Heap after GC invocations=8 (full 0):
 PSYoungGen      total 133632K, used 8270K [0x00000000ebf00000, 0x00000000f4d00000, 0x0000000100000000)
  eden space 124928K, 0% used [0x00000000ebf00000,0x00000000ebf00000,0x00000000f3900000)
  from space 8704K, 95% used [0x00000000f4280000,0x00000000f4a93b60,0x00000000f4b00000)
  to   space 9728K, 0% used [0x00000000f3900000,0x00000000f3900000,0x00000000f4280000)
 ParOldGen       total 42496K, used 12033K [0x00000000c3c00000, 0x00000000c6580000, 0x00000000ebf00000)
  object space 42496K, 28% used [0x00000000c3c00000,0x00000000c47c0600,0x00000000c6580000)
 Metaspace       used 9785K, capacity 10152K, committed 10496K, reserved 1058816K
  class space    used 1027K, capacity 1158K, committed 1280K, reserved 1048576K
}
Event: 60.538 GC heap before
{Heap before GC invocations=9 (full 0):
 PSYoungGen      total 133632K, used 133198K [0x00000000ebf00000, 0x00000000f4d00000, 0x0000000100000000)
  eden space 124928K, 100% used [0x00000000ebf00000,0x00000000f3900000,0x00000000f3900000)
  from space 8704K, 95% used [0x00000000f4280000,0x00000000f4a93b60,0x00000000f4b00000)
  to   space 9728K, 0% used [0x00000000f3900000,0x00000000f3900000,0x00000000f4280000)
 ParOldGen       total 42496K, used 12033K [0x00000000c3c00000, 0x00000000c6580000, 0x00000000ebf00000)
  object space 42496K, 28% used [0x00000000c3c00000,0x00000000c47c0600,0x00000000c6580000)
 Metaspace       used 20679K, capacity 21110K, committed 21248K, reserved 1069056K
  class space    used 2352K, capacity 2525K, committed 2560K, reserved 1048576K

Deoptimization events (10 events):
Event: 17.634 Thread 0x00007faef400a000 Uncommon trap: reason=class_check action=maybe_recompile pc=0x00007faee5981184 method=com.sun.org.apache.xerces.internal.impl.XMLDocumentFragmentScannerImpl$FragmentContentDriver.next()I @ 435
Event: 18.818 Thread 0x00007faef400a000 Uncommon trap: reason=unstable_if action=reinterpret pc=0x00007faee56db754 method=java.util.concurrent.ConcurrentHashMap.putVal(Ljava/lang/Object;Ljava/lang/Object;Z)Ljava/lang/Object; @ 206
Event: 19.488 Thread 0x00007faef400a000 Uncommon trap: reason=unstable_if action=reinterpret pc=0x00007faee5840bb8 method=java.util.regex.Pattern.RemoveQEQuoting()V @ 41
Event: 36.996 Thread 0x00007faef400a000 Uncommon trap: reason=unstable_if action=reinterpret pc=0x00007faee56dd214 method=java.lang.Integer.valueOf(I)Ljava/lang/Integer; @ 3
Event: 37.152 Thread 0x00007faef400a000 Uncommon trap: reason=unstable_if action=reinterpret pc=0x00007faee5404c18 method=java.util.HashMap.getNode(ILjava/lang/Object;)Ljava/util/HashMap$Node; @ 129
Event: 41.470 Thread 0x00007faef400a000 Uncommon trap: reason=unstable_if action=reinterpret pc=0x00007faee5455cf0 method=org.springframework.util.ConcurrentReferenceHashMap$Segment.restructureIfNecessary(Z)V @ 15
Event: 43.458 Thread 0x00007faef400a000 Uncommon trap: reason=unstable_if action=reinterpret pc=0x00007faee589ec10 method=java.util.HashMap.hash(Ljava/lang/Object;)I @ 1
Event: 44.718 Thread 0x00007faef400a000 Uncommon trap: reason=class_check action=maybe_recompile pc=0x00007faee5659244 method=java.util.AbstractCollection.isEmpty()Z @ 1
Event: 54.298 Thread 0x00007faef400a000 Uncommon trap: reason=unstable_if action=reinterpret pc=0x00007faee56841a8 method=java.nio.charset.CharsetDecoder.decode(Ljava/nio/ByteBuffer;Ljava/nio/CharBuffer;Z)Ljava/nio/charset/CoderResult; @ 1
Event: 55.594 Thread 0x00007faef400a000 Uncommon trap: reason=class_check action=maybe_recompile pc=0x00007faee5659244 method=java.util.AbstractCollection.isEmpty()Z @ 1

Internal exceptions (10 events):
Event: 57.451 Thread 0x00007faef400a000 Exception <a 'java/lang/ClassNotFoundException': org/springframework/web/servlet/mvc/annotation/ResponseStatusExceptionResolverBeanInfo> (0x00000000f3611480) thrown at [/build/buildd/openjdk-8-8u45-b14/src/hotspot/src/share/vm/classfile/systemDictionary.c
Event: 57.452 Thread 0x00007faef400a000 Exception <a 'java/lang/ClassNotFoundException': org/springframework/web/servlet/mvc/annotation/ResponseStatusExceptionResolverCustomizer> (0x00000000f362ad30) thrown at [/build/buildd/openjdk-8-8u45-b14/src/hotspot/src/share/vm/classfile/systemDictionary
Event: 58.969 Thread 0x00007faef400a000 Exception <a 'java/lang/ClassNotFoundException': org/springframework/web/servlet/mvc/support/DefaultHandlerExceptionResolverBeanInfo> (0x00000000f36974c8) thrown at [/build/buildd/openjdk-8-8u45-b14/src/hotspot/src/share/vm/classfile/systemDictionary.cpp,
Event: 58.986 Thread 0x00007faef400a000 Exception <a 'java/lang/ClassNotFoundException': org/springframework/web/servlet/mvc/support/DefaultHandlerExceptionResolverCustomizer> (0x00000000f36b05e8) thrown at [/build/buildd/openjdk-8-8u45-b14/src/hotspot/src/share/vm/classfile/systemDictionary.cp
Event: 59.234 Thread 0x00007faef400a000 Exception <a 'java/lang/ClassNotFoundException': org/springframework/web/servlet/view/DefaultRequestToViewNameTranslatorBeanInfo> (0x00000000f36e5028) thrown at [/build/buildd/openjdk-8-8u45-b14/src/hotspot/src/share/vm/classfile/systemDictionary.cpp, lin
Event: 59.235 Thread 0x00007faef400a000 Exception <a 'java/lang/ClassNotFoundException': org/springframework/web/servlet/view/DefaultRequestToViewNameTranslatorCustomizer> (0x00000000f36fd3c8) thrown at [/build/buildd/openjdk-8-8u45-b14/src/hotspot/src/share/vm/classfile/systemDictionary.cpp, l
Event: 59.570 Thread 0x00007faef400a000 Exception <a 'java/lang/ClassNotFoundException': org/springframework/web/servlet/support/SessionFlashMapManagerBeanInfo> (0x00000000f374f0c8) thrown at [/build/buildd/openjdk-8-8u45-b14/src/hotspot/src/share/vm/classfile/systemDictionary.cpp, line 210]
Event: 59.571 Thread 0x00007faef400a000 Exception <a 'java/lang/ClassNotFoundException': org/springframework/web/servlet/support/AbstractFlashMapManagerBeanInfo> (0x00000000f3765898) thrown at [/build/buildd/openjdk-8-8u45-b14/src/hotspot/src/share/vm/classfile/systemDictionary.cpp, line 210]
Event: 59.572 Thread 0x00007faef400a000 Exception <a 'java/lang/ClassNotFoundException': org/springframework/web/servlet/support/AbstractFlashMapManagerCustomizer> (0x00000000f377c4a0) thrown at [/build/buildd/openjdk-8-8u45-b14/src/hotspot/src/share/vm/classfile/systemDictionary.cpp, line 210]
Event: 59.574 Thread 0x00007faef400a000 Exception <a 'java/lang/ClassNotFoundException': org/springframework/web/servlet/support/SessionFlashMapManagerCustomizer> (0x00000000f379aba0) thrown at [/build/buildd/openjdk-8-8u45-b14/src/hotspot/src/share/vm/classfile/systemDictionary.cpp, line 210]

Events (10 events):
Event: 60.201 loading class java/nio/channels/spi/AbstractSelectableChannel done
Event: 60.201 loading class java/nio/channels/SocketChannel done
Event: 60.252 loading class org/mortbay/thread/Timeout
Event: 60.252 loading class org/mortbay/thread/Timeout done
Event: 60.367 loading class org/mortbay/thread/Timeout$Task
Event: 60.367 loading class org/mortbay/thread/Timeout$Task done
Event: 60.368 loading class java/nio/channels/Selector
Event: 60.450 loading class java/nio/channels/Selector done
Event: 60.450 loading class java/nio/channels/spi/SelectorProvider
Event: 60.494 Executing VM operation: CollectForMetadataAllocation


Dynamic libraries:
00400000-00401000 r-xp 00000000 08:04 2625349                            /usr/lib/jvm/java-8-openjdk-amd64/jre/bin/java
00600000-00601000 r--p 00000000 08:04 2625349                            /usr/lib/jvm/java-8-openjdk-amd64/jre/bin/java
00601000-00602000 rw-p 00001000 08:04 2625349                            /usr/lib/jvm/java-8-openjdk-amd64/jre/bin/java
014ad000-014ce000 rw-p 00000000 00:00 0                                  [heap]
c3c00000-c6580000 rw-p 00000000 00:00 0 
c6580000-ebf00000 ---p 00000000 00:00 0 
ebf00000-f4d00000 rw-p 00000000 00:00 0 
f9f80000-100000000 ---p 00000000 00:00 0 
100000000-100280000 rw-p 00000000 00:00 0 
100280000-140000000 ---p 00000000 00:00 0 
7fae9c000000-7fae9c021000 rw-p 00000000 00:00 0 
7fae9c021000-7faea0000000 ---p 00000000 00:00 0 
7faea4000000-7faea4021000 rw-p 00000000 00:00 0 
7faea4021000-7faea8000000 ---p 00000000 00:00 0 
7faea8000000-7faea8021000 rw-p 00000000 00:00 0 
7faea8021000-7faeac000000 ---p 00000000 00:00 0 
7faeac000000-7faeac021000 rw-p 00000000 00:00 0 
7faeac021000-7faeb0000000 ---p 00000000 00:00 0 
7faeb4000000-7faeb4021000 rw-p 00000000 00:00 0 
7faeb4021000-7faeb8000000 ---p 00000000 00:00 0 
7faeb8000000-7faeb8021000 rw-p 00000000 00:00 0 
7faeb8021000-7faebc000000 ---p 00000000 00:00 0 
7faebc000000-7faebd9b7000 rw-p 00000000 00:00 0 
7faebd9b7000-7faec0000000 ---p 00000000 00:00 0 
7faec0000000-7faec09d8000 rw-p 00000000 00:00 0 
7faec09d8000-7faec4000000 ---p 00000000 00:00 0 
7faec4000000-7faec4021000 rw-p 00000000 00:00 0 
7faec4021000-7faec8000000 ---p 00000000 00:00 0 
7faec8000000-7faec8021000 rw-p 00000000 00:00 0 
7faec8021000-7faecc000000 ---p 00000000 00:00 0 
7faecc000000-7faecc27b000 rw-p 00000000 00:00 0 
7faecc27b000-7faed0000000 ---p 00000000 00:00 0 
7faed0000000-7faed0021000 rw-p 00000000 00:00 0 
7faed0021000-7faed4000000 ---p 00000000 00:00 0 
7faed4000000-7faed4021000 rw-p 00000000 00:00 0 
7faed4021000-7faed8000000 ---p 00000000 00:00 0 
7faedabe0000-7faedac20000 rw-p 00000000 00:00 0 
7faedac20000-7faedade0000 ---p 00000000 00:00 0 
7faedade0000-7faedafe0000 rw-p 00000000 00:00 0 
7faedafe0000-7faedb1e0000 rw-p 00000000 00:00 0 
7faedb1e0000-7faedd000000 rw-p 00000000 00:00 0 
7faedd1c1000-7faedd1c2000 rw-p 00000000 00:00 0 
7faedd1c2000-7faedd1c7000 r--s 002f8000 08:04 2625306                    /usr/lib/jvm/java-8-openjdk-amd64/jre/lib/charsets.jar
7faedd1c7000-7faedd1da000 r--s 00345000 08:04 2625305                    /usr/lib/jvm/java-8-openjdk-amd64/jre/lib/resources.jar
7faedd1da000-7faedd3da000 rw-p 00000000 00:00 0 
7faedd3da000-7faedd3dd000 ---p 00000000 00:00 0 
7faedd3dd000-7faedd4db000 rw-p 00000000 00:00 0                          [stack:13575]
7faedd4db000-7faedd4ec000 r-xp 00000000 08:04 2625291                    /usr/lib/jvm/java-8-openjdk-amd64/jre/lib/amd64/libnio.so
7faedd4ec000-7faedd6eb000 ---p 00011000 08:04 2625291                    /usr/lib/jvm/java-8-openjdk-amd64/jre/lib/amd64/libnio.so
7faedd6eb000-7faedd6ec000 r--p 00010000 08:04 2625291                    /usr/lib/jvm/java-8-openjdk-amd64/jre/lib/amd64/libnio.so
7faedd6ec000-7faedd6ed000 rw-p 00011000 08:04 2625291                    /usr/lib/jvm/java-8-openjdk-amd64/jre/lib/amd64/libnio.so
7faedd6ed000-7faedd6ee000 r--s 0000f000 08:04 9575456                    /home/suruchi/.m2/repository/org/json/json/20140107/json-20140107.jar
7faedd6ee000-7faedd6f8000 r--s 0005c000 08:04 9572211                    /home/suruchi/.m2/repository/jstl/jstl/1.2/jstl-1.2.jar
7faedd6f8000-7faedd707000 r--s 000af000 08:04 9702251                    /home/suruchi/.m2/repository/org/springframework/spring-webmvc/4.1.1.RELEASE/spring-webmvc-4.1.1.RELEASE.jar
7faedd707000-7faedd70b000 r--s 00039000 08:04 9702253                    /home/suruchi/.m2/repository/org/springframework/spring-expression/4.1.1.RELEASE/spring-expression-4.1.1.RELEASE.jar
7faedd70b000-7faedd723000 r--s 000e3000 08:04 9702245                    /home/suruchi/.m2/repository/org/springframework/spring-context/4.1.1.RELEASE/spring-context-4.1.1.RELEASE.jar
7faedd723000-7faedd730000 r--s 0009f000 08:04 9702242                    /home/suruchi/.m2/repository/org/springframework/spring-beans/4.1.1.RELEASE/spring-beans-4.1.1.RELEASE.jar
7faedd730000-7faedd732000 r--s 00000000 08:04 9572191                    /home/suruchi/.m2/repository/aopalliance/aopalliance/1.0/aopalliance-1.0.jar
7faedd732000-7faedd73b000 r--s 0004f000 08:04 9702244                    /home/suruchi/.m2/repository/org/springframework/spring-aop/4.1.1.RELEASE/spring-aop-4.1.1.RELEASE.jar
7faedd73b000-7faedd74a000 r--s 0009c000 08:04 9702243                    /home/suruchi/.m2/repository/org/springframework/spring-web/4.1.1.RELEASE/spring-web-4.1.1.RELEASE.jar
7faedd74a000-7faedd753000 r--s 0006d000 08:04 10225920                   /home/suruchi/.m2/repository/log4j/log4j/1.2.16/log4j-1.2.16.jar
7faedd753000-7faedd756000 r--s 00016000 08:04 10225946                   /home/suruchi/.m2/repository/commons-pool/commons-pool/1.5.5/commons-pool-1.5.5.jar
7faedd756000-7faedd759000 r--s 00025000 08:04 10225918                   /home/suruchi/.m2/repository/commons-dbcp/commons-dbcp/1.4/commons-dbcp-1.4.jar
7faedd759000-7faedd75d000 r--s 00027000 08:04 9703870                    /home/suruchi/.m2/repository/com/google/code/gson/gson/1.7.1/gson-1.7.1.jar
7faedd75d000-7faedd761000 r--s 00035000 08:04 10636490                   /home/suruchi/.m2/repository/org/codehaus/jackson/jackson-core-asl/1.9.12/jackson-core-asl-1.9.12.jar
7faedd761000-7faedd770000 r--s 000b0000 08:04 10504022                   /home/suruchi/.m2/repository/org/codehaus/jackson/jackson-mapper-asl/1.9.12/jackson-mapper-asl-1.9.12.jar
7faedd770000-7faedd772000 r--s 0000a000 08:04 9701194                    /home/suruchi/.m2/repository/commons-codec/commons-codec/1.3/commons-codec-1.3.jar
7faedd772000-7faedd777000 r--s 00026000 08:04 9701192                    /home/suruchi/.m2/repository/org/apache/httpcomponents/httpcore/4.0.1/httpcore-4.0.1.jar
7faedd777000-7faedd77f000 r--s 00040000 08:04 9835852                    /home/suruchi/.m2/repository/org/apache/httpcomponents/httpclient/4.0.1/httpclient-4.0.1.jar
7faedd77f000-7faedd782000 r--s 00006000 08:04 9703864                    /home/suruchi/.m2/repository/com/google/code/findbugs/jsr305/1.3.9/jsr305-1.3.9.jar
7faedd782000-7faedd789000 r--s 0003c000 08:04 10370847                   /home/suruchi/.m2/repository/com/google/http-client/google-http-client/1.18.0-rc/google-http-client-1.18.0-rc.jar
7faedd789000-7faedd78b000 r--s 0000d000 08:04 10230926                   /home/suruchi/.m2/repository/com/google/oauth-client/google-oauth-client/1.18.0-rc/google-oauth-client-1.18.0-rc.jar
7faedd78b000-7faedd78f000 r--s 00025000 08:04 10230925                   /home/suruchi/.m2/repository/com/google/api-client/google-api-client/1.18.0-rc/google-api-client-1.18.0-rc.jar
7faedd78f000-7faedd796000 r--s 000a5000 08:04 10225936                   /home/suruchi/.m2/repository/mysql/mysql-connector-java/5.1.6/mysql-connector-java-5.1.6.jar
7faedd796000-7faedd798000 r--s 0000e000 08:04 9572678                    /home/suruchi/.m2/repository/commons-logging/commons-logging/1.1.3/commons-logging-1.1.3.jar
7faedd798000-7faedd7ad000 r--s 000e1000 08:04 9572677                    /home/suruchi/.m2/repository/org/springframework/spring-core/4.1.1.RELEASE/spring-core-4.1.1.RELEASE.jar
7faedd7ad000-7faedd7b0000 ---p 00000000 00:00 0 
7faedd7b0000-7faedd8ae000 rw-p 00000000 00:00 0                          [stack:13573]
7faedd8ae000-7faedd8b1000 ---p 00000000 00:00 0 
7faedd8b1000-7faedd9af000 rw-p 00000000 00:00 0                          [stack:13572]
7faedd9af000-7faedd9b2000 ---p 00000000 00:00 0 
7faedd9b2000-7faeddcb0000 rw-p 00000000 00:00 0                          [stack:13571]
7faeddcb0000-7faeddcb2000 r--s 00003000 08:04 9701852                    /home/suruchi/.m2/repository/org/mortbay/jetty/start/6.1.10/start-6.1.10.jar
7faeddcb2000-7faeddcb3000 r--s 00002000 08:04 9701850                    /home/suruchi/.m2/repository/org/apache/geronimo/specs/geronimo-annotation_1.0_spec/1.0/geronimo-annotation_1.0_spec-1.0.jar
7faeddcb3000-7faeddcb4000 r--s 00002000 08:04 9701848                    /home/suruchi/.m2/repository/org/mortbay/jetty/jetty-annotations/6.1.10/jetty-annotations-6.1.10.jar
7faeddcb4000-7faeddcc3000 r--s 000ee000 08:04 9701846                    /home/suruchi/.m2/repository/ant/ant/1.6.5/ant-1.6.5.jar
7faeddcc3000-7faeddcc7000 r--s 0001d000 08:04 9701844                    /home/suruchi/.m2/repository/org/mortbay/jetty/jsp-api-2.1/6.1.10/jsp-api-2.1-6.1.10.jar
7faeddcc7000-7faeddcea000 r--s 00344000 08:04 9701842                    /home/suruchi/.m2/repository/org/eclipse/jdt/core/3.1.1/core-3.1.1.jar
7faeddcea000-7faeddcfb000 r--s 000e9000 08:04 9701840                    /home/suruchi/.m2/repository/org/mortbay/jetty/jsp-2.1/6.1.10/jsp-2.1-6.1.10.jar
7faeddcfb000-7faeddcfe000 r--s 00006000 08:04 9701838                    /home/suruchi/.m2/repository/org/mortbay/jetty/jetty-management/6.1.10/jetty-management-6.1.10.jar
7faeddcfe000-7faeddd00000 r--s 0000e000 08:04 9701836                    /home/suruchi/.m2/repository/javax/activation/activation/1.1/activation-1.1.jar
7faeddd00000-7faeddd06000 r--s 00059000 08:04 9701835                    /home/suruchi/.m2/repository/javax/mail/mail/1.4/mail-1.4.jar
7faeddd06000-7faeddd07000 r--s 00006000 08:04 9701832                    /home/suruchi/.m2/repository/org/mortbay/jetty/jetty-naming/6.1.10/jetty-naming-6.1.10.jar
7faeddd07000-7faeddd09000 r--s 00002000 08:04 9701830                    /home/suruchi/.m2/repository/geronimo-spec/geronimo-spec-jta/1.0.1B-rc4/geronimo-spec-jta-1.0.1B-rc4.jar
7faeddd09000-7faeddd0b000 r--s 0000e000 08:04 9701828                    /home/suruchi/.m2/repository/org/mortbay/jetty/jetty-plus/6.1.10/jetty-plus-6.1.10.jar
7faeddd0b000-7faeddd0d000 r--s 00004000 08:04 9701826                    /home/suruchi/.m2/repository/org/apache/maven/maven-plugin-tools-api/2.0/maven-plugin-tools-api-2.0.jar
7faeddd0d000-7faeddd11000 r--s 00034000 08:04 9572522                    /home/suruchi/.m2/repository/org/codehaus/plexus/plexus-utils/1.5.15/plexus-utils-1.5.15.jar
7faeddd11000-7faeddd14000 r--s 0001e000 08:04 9701824                    /home/suruchi/.m2/repository/org/mortbay/jetty/servlet-api-2.5/6.1.10/servlet-api-2.5-6.1.10.jar
7faeddd14000-7faeddd18000 r--s 00024000 08:04 9701823                    /home/suruchi/.m2/repository/org/mortbay/jetty/jetty-util/6.1.10/jetty-util-6.1.10.jar
7faeddd18000-7faeddd1e000 r--s 00074000 08:04 9701822                    /home/suruchi/.m2/repository/org/mortbay/jetty/jetty/6.1.10/jetty-6.1.10.jar
7faeddd1e000-7faeddd1f000 r--s 00003000 08:04 9701337                    /home/suruchi/.m2/repository/org/codehaus/plexus/plexus-compiler-javac/1.9.1/plexus-compiler-javac-1.9.1.jar
7faeddd1f000-7faeddd21000 r--s 00000000 08:04 9701334                    /home/suruchi/.m2/repository/org/codehaus/plexus/plexus-compiler-manager/1.9.1/plexus-compiler-manager-1.9.1.jar
7faeddd21000-7faeddd23000 r--s 00004000 08:04 9701331                    /home/suruchi/.m2/repository/org/codehaus/plexus/plexus-compiler-api/1.9.1/plexus-compiler-api-1.9.1.jar
7faeddd23000-7faeddd27000 r--s 00034000 08:04 9701421                    /home/suruchi/.m2/repository/org/codehaus/plexus/plexus-utils/3.0/plexus-utils-3.0.jar
7faeddd27000-7faeddd2a000 ---p 00000000 00:00 0 
7faeddd2a000-7faedde28000 rw-p 00000000 00:00 0                          [stack:13568]
7faedde28000-7faedde2b000 ---p 00000000 00:00 0 
7faedde2b000-7faede129000 rw-p 00000000 00:00 0                          [stack:13567]
7faede129000-7faede12b000 r--s 0000b000 08:04 9701302                    /home/suruchi/.m2/repository/org/codehaus/plexus/plexus-interpolation/1.6/plexus-interpolation-1.6.jar
7faede12b000-7faede12d000 r--s 00007000 08:04 9700605                    /home/suruchi/.m2/repository/org/apache/maven/shared/maven-filtering/1.0-beta-2/maven-filtering-1.0-beta-2.jar
7faede12d000-7faede132000 r--s 00039000 08:04 9700392                    /home/suruchi/.m2/repository/org/codehaus/plexus/plexus-utils/1.5.6/plexus-utils-1.5.6.jar
7faede132000-7faede135000 ---p 00000000 00:00 0 
7faede135000-7faede233000 rw-p 00000000 00:00 0                          [stack:13566]
7faede233000-7faede236000 ---p 00000000 00:00 0 
7faede236000-7faede334000 rw-p 00000000 00:00 0                          [stack:13565]
7faede334000-7faede337000 ---p 00000000 00:00 0 
7faede337000-7faede435000 rw-p 00000000 00:00 0                          [stack:13564]
7faede435000-7faede437000 r--s 00006000 08:04 9700628                    /home/suruchi/.m2/repository/org/apache/maven/plugins/maven-surefire-plugin/2.10/maven-surefire-plugin-2.10.jar
7faede437000-7faede438000 r--s 00007000 08:04 9574829                    /home/suruchi/.m2/repository/org/apache/maven/plugins/maven-compiler-plugin/2.5.1/maven-compiler-plugin-2.5.1.jar
7faede438000-7faede43d000 r--s 00094000 08:04 2625301                    /usr/lib/jvm/java-8-openjdk-amd64/jre/lib/jsse.jar
7faede43d000-7faede440000 ---p 00000000 00:00 0 
7faede440000-7faede476000 rw-p 00000000 00:00 0                          [stack:13562]
7faede476000-7faede49f000 r--s 001fe000 08:04 1849179                    /usr/share/maven2/lib/maven-debian-uber.jar
7faede49f000-7faede7a0000 rw-p 00000000 00:00 0 
7faede7a0000-7faede7b7000 r-xp 00000000 08:04 2625272                    /usr/lib/jvm/java-8-openjdk-amd64/jre/lib/amd64/libnet.so
7faede7b7000-7faede9b6000 ---p 00017000 08:04 2625272                    /usr/lib/jvm/java-8-openjdk-amd64/jre/lib/amd64/libnet.so
7faede9b6000-7faede9b7000 r--p 00016000 08:04 2625272                    /usr/lib/jvm/java-8-openjdk-amd64/jre/lib/amd64/libnet.so
7faede9b7000-7faede9b8000 rw-p 00017000 08:04 2625272                    /usr/lib/jvm/java-8-openjdk-amd64/jre/lib/amd64/libnet.so
7faede9b8000-7faede9bb000 ---p 00000000 00:00 0 
7faede9bb000-7faedeab9000 rw-p 00000000 00:00 0                          [stack:13560]
7faedeab9000-7faedeaba000 r-xp 00000000 08:04 9706979                    /home/suruchi/intelij14/idea-IU-139.1603.1/bin/libbreakgen64.so
7faedeaba000-7faedecb9000 ---p 00001000 08:04 9706979                    /home/suruchi/intelij14/idea-IU-139.1603.1/bin/libbreakgen64.so
7faedecb9000-7faedecba000 r--p 00000000 08:04 9706979                    /home/suruchi/intelij14/idea-IU-139.1603.1/bin/libbreakgen64.so
7faedecba000-7faedecbb000 rw-p 00001000 08:04 9706979                    /home/suruchi/intelij14/idea-IU-139.1603.1/bin/libbreakgen64.so
7faedecbb000-7faedecd5000 r--s 001d3000 08:04 2625309                    /usr/lib/jvm/java-8-openjdk-amd64/jre/lib/ext/nashorn.jar
7faedecd5000-7faedecf1000 r--s 00393000 08:04 2625308                    /usr/lib/jvm/java-8-openjdk-amd64/jre/lib/ext/cldrdata.jar
7faedecf1000-7faedecf2000 ---p 00000000 00:00 0 
7faedecf2000-7faededf2000 rw-p 00000000 00:00 0                          [stack:13559]
7faededf2000-7faededf5000 ---p 00000000 00:00 0 
7faededf5000-7faedeef3000 rw-p 00000000 00:00 0                          [stack:13558]
7faedeef3000-7faedeef6000 ---p 00000000 00:00 0 
7faedeef6000-7faedeff4000 rw-p 00000000 00:00 0                          [stack:13557]
7faedeff4000-7faedeff7000 ---p 00000000 00:00 0 
7faedeff7000-7faedf0f5000 rw-p 00000000 00:00 0                          [stack:13556]
7faedf0f5000-7faedf0f8000 ---p 00000000 00:00 0 
7faedf0f8000-7faedf1f6000 rw-p 00000000 00:00 0                          [stack:13555]
7faedf1f6000-7faedf8d8000 r--p 00000000 08:04 1842385                    /usr/lib/locale/locale-archive
7faedf8d8000-7faedf8db000 ---p 00000000 00:00 0 
7faedf8db000-7faedf9d9000 rw-p 00000000 00:00 0                          [stack:13553]
7faedf9d9000-7faedf9dc000 ---p 00000000 00:00 0 
7faedf9dc000-7faedfada000 rw-p 00000000 00:00 0                          [stack:13552]
7faedfada000-7faedfadb000 ---p 00000000 00:00 0 
7faedfadb000-7faee0000000 rw-p 00000000 00:00 0                          [stack:13551]
7faee0000000-7faee0021000 rw-p 00000000 00:00 0 
7faee0021000-7faee4000000 ---p 00000000 00:00 0 
7faee4000000-7faee400b000 r--s 00116000 08:04 2625311                    /usr/lib/jvm/java-8-openjdk-amd64/jre/lib/ext/localedata.jar
7faee400b000-7faee4451000 rw-p 00000000 00:00 0 
7faee4451000-7faee461e000 r--s 03bd3000 08:04 2625334                    /usr/lib/jvm/java-8-openjdk-amd64/jre/lib/rt.jar
7faee461e000-7faee5000000 rw-p 00000000 00:00 0 
7faee5000000-7faee5a60000 rwxp 00000000 00:00 0 
7faee5a60000-7faef4000000 ---p 00000000 00:00 0 
7faef4000000-7faef49ca000 rw-p 00000000 00:00 0 
7faef49ca000-7faef8000000 ---p 00000000 00:00 0 
7faef8000000-7faef8002000 r--s 00004000 08:04 9701249                    /home/suruchi/.m2/repository/org/apache/maven/plugins/maven-resources-plugin/2.3/maven-resources-plugin-2.3.jar
7faef8002000-7faef8004000 r--s 00008000 08:04 9701656                    /home/suruchi/.m2/repository/org/mortbay/jetty/maven-jetty-plugin/6.1.10/maven-jetty-plugin-6.1.10.jar
7faef8004000-7faef8005000 r--p 00000000 00:00 0 
7faef8005000-7faef8007000 r--s 00016000 08:04 9707076                    /home/suruchi/intelij14/idea-IU-139.1603.1/lib/idea_rt.jar
7faef8007000-7faef8009000 r--s 00008000 08:04 2236039                    /usr/share/java/classworlds-1.1.jar
7faef8009000-7faef800a000 r--s 00008000 08:04 2625310                    /usr/lib/jvm/java-8-openjdk-amd64/jre/lib/ext/sunec.jar
7faef800a000-7faef800d000 r--s 00037000 08:04 2625316                    /usr/lib/jvm/java-8-openjdk-amd64/jre/lib/ext/sunpkcs11.jar
7faef800d000-7faef800f000 r--s 00006000 08:04 2228541                    /usr/share/java/java-atk-wrapper.jar
7faef800f000-7faef8011000 r--s 00001000 08:04 2625314                    /usr/lib/jvm/java-8-openjdk-amd64/jre/lib/ext/dnsns.jar
7faef8011000-7faef8188000 rw-p 00000000 00:00 0 
7faef8188000-7faef8189000 ---p 00000000 00:00 0 
7faef8189000-7faef8289000 rw-p 00000000 00:00 0                          [stack:13550]
7faef8289000-7faef828a000 ---p 00000000 00:00 0 
7faef828a000-7faef839f000 rw-p 00000000 00:00 0                          [stack:13549]
7faef839f000-7faef84cc000 ---p 00000000 00:00 0 
7faef84cc000-7faef84e1000 rw-p 00000000 00:00 0 
7faef84e1000-7faef860d000 ---p 00000000 00:00 0 
7faef860d000-7faef8655000 rw-p 00000000 00:00 0 
7faef8655000-7faef86ae000 ---p 00000000 00:00 0 
7faef86ae000-7faef86d9000 rw-p 00000000 00:00 0 
7faef86d9000-7faef8a6f000 ---p 00000000 00:00 0 
7faef8a6f000-7faef8a77000 r-xp 00000000 08:04 2625265                    /usr/lib/jvm/java-8-openjdk-amd64/jre/lib/amd64/libzip.so
7faef8a77000-7faef8c76000 ---p 00008000 08:04 2625265                    /usr/lib/jvm/java-8-openjdk-amd64/jre/lib/amd64/libzip.so
7faef8c76000-7faef8c77000 r--p 00007000 08:04 2625265                    /usr/lib/jvm/java-8-openjdk-amd64/jre/lib/amd64/libzip.so
7faef8c77000-7faef8c78000 rw-p 00008000 08:04 2625265                    /usr/lib/jvm/java-8-openjdk-amd64/jre/lib/amd64/libzip.so
7faef8c78000-7faef8c84000 r-xp 00000000 08:04 8130811                    /lib/x86_64-linux-gnu/libnss_files-2.21.so
7faef8c84000-7faef8e83000 ---p 0000c000 08:04 8130811                    /lib/x86_64-linux-gnu/libnss_files-2.21.so
7faef8e83000-7faef8e84000 r--p 0000b000 08:04 8130811                    /lib/x86_64-linux-gnu/libnss_files-2.21.so
7faef8e84000-7faef8e85000 rw-p 0000c000 08:04 8130811                    /lib/x86_64-linux-gnu/libnss_files-2.21.so
7faef8e85000-7faef8e90000 r-xp 00000000 08:04 8130821                    /lib/x86_64-linux-gnu/libnss_nis-2.21.so
7faef8e90000-7faef908f000 ---p 0000b000 08:04 8130821                    /lib/x86_64-linux-gnu/libnss_nis-2.21.so
7faef908f000-7faef9090000 r--p 0000a000 08:04 8130821                    /lib/x86_64-linux-gnu/libnss_nis-2.21.so
7faef9090000-7faef9091000 rw-p 0000b000 08:04 8130821                    /lib/x86_64-linux-gnu/libnss_nis-2.21.so
7faef9091000-7faef90a8000 r-xp 00000000 08:04 8130805                    /lib/x86_64-linux-gnu/libnsl-2.21.so
7faef90a8000-7faef92a7000 ---p 00017000 08:04 8130805                    /lib/x86_64-linux-gnu/libnsl-2.21.so
7faef92a7000-7faef92a8000 r--p 00016000 08:04 8130805                    /lib/x86_64-linux-gnu/libnsl-2.21.so
7faef92a8000-7faef92a9000 rw-p 00017000 08:04 8130805                    /lib/x86_64-linux-gnu/libnsl-2.21.so
7faef92a9000-7faef92ab000 rw-p 00000000 00:00 0 
7faef92ab000-7faef92b3000 r-xp 00000000 08:04 8130807                    /lib/x86_64-linux-gnu/libnss_compat-2.21.so
7faef92b3000-7faef94b2000 ---p 00008000 08:04 8130807                    /lib/x86_64-linux-gnu/libnss_compat-2.21.so
7faef94b2000-7faef94b3000 r--p 00007000 08:04 8130807                    /lib/x86_64-linux-gnu/libnss_compat-2.21.so
7faef94b3000-7faef94b4000 rw-p 00008000 08:04 8130807                    /lib/x86_64-linux-gnu/libnss_compat-2.21.so
7faef94b4000-7faef94e2000 r-xp 00000000 08:04 2625262                    /usr/lib/jvm/java-8-openjdk-amd64/jre/lib/amd64/libjava.so
7faef94e2000-7faef96e1000 ---p 0002e000 08:04 2625262                    /usr/lib/jvm/java-8-openjdk-amd64/jre/lib/amd64/libjava.so
7faef96e1000-7faef96e2000 r--p 0002d000 08:04 2625262                    /usr/lib/jvm/java-8-openjdk-amd64/jre/lib/amd64/libjava.so
7faef96e2000-7faef96e4000 rw-p 0002e000 08:04 2625262                    /usr/lib/jvm/java-8-openjdk-amd64/jre/lib/amd64/libjava.so
7faef96e4000-7faef96f3000 r-xp 00000000 08:04 2625277                    /usr/lib/jvm/java-8-openjdk-amd64/jre/lib/amd64/libverify.so
7faef96f3000-7faef98f3000 ---p 0000f000 08:04 2625277                    /usr/lib/jvm/java-8-openjdk-amd64/jre/lib/amd64/libverify.so
7faef98f3000-7faef98f6000 r--p 0000f000 08:04 2625277                    /usr/lib/jvm/java-8-openjdk-amd64/jre/lib/amd64/libverify.so
7faef98f6000-7faef98f7000 rw-p 00012000 08:04 2625277                    /usr/lib/jvm/java-8-openjdk-amd64/jre/lib/amd64/libverify.so
7faef98f7000-7faef98fe000 r-xp 00000000 08:04 8130866                    /lib/x86_64-linux-gnu/librt-2.21.so
7faef98fe000-7faef9afd000 ---p 00007000 08:04 8130866                    /lib/x86_64-linux-gnu/librt-2.21.so
7faef9afd000-7faef9afe000 r--p 00006000 08:04 8130866                    /lib/x86_64-linux-gnu/librt-2.21.so
7faef9afe000-7faef9aff000 rw-p 00007000 08:04 8130866                    /lib/x86_64-linux-gnu/librt-2.21.so
7faef9aff000-7faef9b15000 r-xp 00000000 08:04 8131880                    /lib/x86_64-linux-gnu/libgcc_s.so.1
7faef9b15000-7faef9d14000 ---p 00016000 08:04 8131880                    /lib/x86_64-linux-gnu/libgcc_s.so.1
7faef9d14000-7faef9d15000 rw-p 00015000 08:04 8131880                    /lib/x86_64-linux-gnu/libgcc_s.so.1
7faef9d15000-7faef9e1c000 r-xp 00000000 08:04 8130784                    /lib/x86_64-linux-gnu/libm-2.21.so
7faef9e1c000-7faefa01b000 ---p 00107000 08:04 8130784                    /lib/x86_64-linux-gnu/libm-2.21.so
7faefa01b000-7faefa01c000 r--p 00106000 08:04 8130784                    /lib/x86_64-linux-gnu/libm-2.21.so
7faefa01c000-7faefa01d000 rw-p 00107000 08:04 8130784                    /lib/x86_64-linux-gnu/libm-2.21.so
7faefa01d000-7faefa10d000 r-xp 00000000 08:04 1844335                    /usr/lib/x86_64-linux-gnu/libstdc++.so.6.0.20
7faefa10d000-7faefa30d000 ---p 000f0000 08:04 1844335                    /usr/lib/x86_64-linux-gnu/libstdc++.so.6.0.20
7faefa30d000-7faefa315000 r--p 000f0000 08:04 1844335                    /usr/lib/x86_64-linux-gnu/libstdc++.so.6.0.20
7faefa315000-7faefa317000 rw-p 000f8000 08:04 1844335                    /usr/lib/x86_64-linux-gnu/libstdc++.so.6.0.20
7faefa317000-7faefa32c000 rw-p 00000000 00:00 0 
7faefa32c000-7faefafb9000 r-xp 00000000 08:04 2625289                    /usr/lib/jvm/java-8-openjdk-amd64/jre/lib/amd64/server/libjvm.so
7faefafb9000-7faefb1b9000 ---p 00c8d000 08:04 2625289                    /usr/lib/jvm/java-8-openjdk-amd64/jre/lib/amd64/server/libjvm.so
7faefb1b9000-7faefb25c000 r--p 00c8d000 08:04 2625289                    /usr/lib/jvm/java-8-openjdk-amd64/jre/lib/amd64/server/libjvm.so
7faefb25c000-7faefb285000 rw-p 00d30000 08:04 2625289                    /usr/lib/jvm/java-8-openjdk-amd64/jre/lib/amd64/server/libjvm.so
7faefb285000-7faefb2b4000 rw-p 00000000 00:00 0 
7faefb2b4000-7faefb2cc000 r-xp 00000000 08:04 8130858                    /lib/x86_64-linux-gnu/libpthread-2.21.so
7faefb2cc000-7faefb4cc000 ---p 00018000 08:04 8130858                    /lib/x86_64-linux-gnu/libpthread-2.21.so
7faefb4cc000-7faefb4cd000 r--p 00018000 08:04 8130858                    /lib/x86_64-linux-gnu/libpthread-2.21.so
7faefb4cd000-7faefb4ce000 rw-p 00019000 08:04 8130858                    /lib/x86_64-linux-gnu/libpthread-2.21.so
7faefb4ce000-7faefb4d2000 rw-p 00000000 00:00 0 
7faefb4d2000-7faefb4d5000 r-xp 00000000 08:04 8130742                    /lib/x86_64-linux-gnu/libdl-2.21.so
7faefb4d5000-7faefb6d4000 ---p 00003000 08:04 8130742                    /lib/x86_64-linux-gnu/libdl-2.21.so
7faefb6d4000-7faefb6d5000 r--p 00002000 08:04 8130742                    /lib/x86_64-linux-gnu/libdl-2.21.so
7faefb6d5000-7faefb6d6000 rw-p 00003000 08:04 8130742                    /lib/x86_64-linux-gnu/libdl-2.21.so
7faefb6d6000-7faefb6ef000 r-xp 00000000 08:04 8130899                    /lib/x86_64-linux-gnu/libz.so.1.2.8
7faefb6ef000-7faefb8ef000 ---p 00019000 08:04 8130899                    /lib/x86_64-linux-gnu/libz.so.1.2.8
7faefb8ef000-7faefb8f0000 r--p 00019000 08:04 8130899                    /lib/x86_64-linux-gnu/libz.so.1.2.8
7faefb8f0000-7faefb8f1000 rw-p 0001a000 08:04 8130899                    /lib/x86_64-linux-gnu/libz.so.1.2.8
7faefb8f1000-7faefbab1000 r-xp 00000000 08:04 8130725                    /lib/x86_64-linux-gnu/libc-2.21.so
7faefbab1000-7faefbcb1000 ---p 001c0000 08:04 8130725                    /lib/x86_64-linux-gnu/libc-2.21.so
7faefbcb1000-7faefbcb5000 r--p 001c0000 08:04 8130725                    /lib/x86_64-linux-gnu/libc-2.21.so
7faefbcb5000-7faefbcb7000 rw-p 001c4000 08:04 8130725                    /lib/x86_64-linux-gnu/libc-2.21.so
7faefbcb7000-7faefbcbb000 rw-p 00000000 00:00 0 
7faefbcbb000-7faefbcc9000 r-xp 00000000 08:04 2625296                    /usr/lib/jvm/java-8-openjdk-amd64/jre/lib/amd64/jli/libjli.so
7faefbcc9000-7faefbec8000 ---p 0000e000 08:04 2625296                    /usr/lib/jvm/java-8-openjdk-amd64/jre/lib/amd64/jli/libjli.so
7faefbec8000-7faefbec9000 r--p 0000d000 08:04 2625296                    /usr/lib/jvm/java-8-openjdk-amd64/jre/lib/amd64/jli/libjli.so
7faefbec9000-7faefbeca000 rw-p 0000e000 08:04 2625296                    /usr/lib/jvm/java-8-openjdk-amd64/jre/lib/amd64/jli/libjli.so
7faefbeca000-7faefbeee000 r-xp 00000000 08:04 8130697                    /lib/x86_64-linux-gnu/ld-2.21.so
7faefbeee000-7faefbef4000 r--s 0003a000 08:04 2625313                    /usr/lib/jvm/java-8-openjdk-amd64/jre/lib/ext/sunjce_provider.jar
7faefbef4000-7faefbfc4000 rw-p 00000000 00:00 0 
7faefbfc4000-7faefbfc7000 ---p 00000000 00:00 0 
7faefbfc7000-7faefc0ca000 rw-p 00000000 00:00 0                          [stack:13548]
7faefc0ca000-7faefc0cb000 r--s 00010000 08:04 2625312                    /usr/lib/jvm/java-8-openjdk-amd64/jre/lib/ext/zipfs.jar
7faefc0cb000-7faefc0ce000 r--s 0000f000 08:04 2625315                    /usr/lib/jvm/java-8-openjdk-amd64/jre/lib/ext/icedtea-sound.jar
7faefc0ce000-7faefc0e1000 rw-p 00000000 00:00 0 
7faefc0e1000-7faefc0e9000 rw-s 00000000 08:04 3419976                    /tmp/hsperfdata_suruchi/13543
7faefc0e9000-7faefc0ea000 rw-p 00000000 00:00 0 
7faefc0ea000-7faefc0eb000 ---p 00000000 00:00 0 
7faefc0eb000-7faefc0ed000 rw-p 00000000 00:00 0 
7faefc0ed000-7faefc0ee000 r--p 00023000 08:04 8130697                    /lib/x86_64-linux-gnu/ld-2.21.so
7faefc0ee000-7faefc0ef000 rw-p 00024000 08:04 8130697                    /lib/x86_64-linux-gnu/ld-2.21.so
7faefc0ef000-7faefc0f0000 rw-p 00000000 00:00 0 
7fffb861e000-7fffb863f000 rw-p 00000000 00:00 0                          [stack]
7fffb878f000-7fffb8791000 r--p 00000000 00:00 0                          [vvar]
7fffb8791000-7fffb8793000 r-xp 00000000 00:00 0                          [vdso]
ffffffffff600000-ffffffffff601000 r-xp 00000000 00:00 0                  [vsyscall]

VM Arguments:
jvm_args: -Dmaven.home=/usr/share/maven2 -Dclassworlds.conf=/usr/share/maven2/bin/m2.conf -Didea.launcher.port=7532 -Didea.launcher.bin.path=/home/suruchi/intelij14/idea-IU-139.1603.1/bin -Dfile.encoding=UTF-8 
java_command: com.intellij.rt.execution.application.AppMain org.codehaus.classworlds.Launcher -Didea.version=14.0.4 --no-plugin-registry org.mortbay.jetty:maven-jetty-plugin:6.1.10:run
java_class_path (initial): /usr/share/maven2/boot/classworlds.jar:/home/suruchi/intelij14/idea-IU-139.1603.1/lib/idea_rt.jar
Launcher Type: SUN_STANDARD

Environment Variables:
CLASSPATH=/home/suruchi/intelij14/idea-IU-139.1603.1/bin/../lib/bootstrap.jar:/home/suruchi/intelij14/idea-IU-139.1603.1/bin/../lib/extensions.jar:/home/suruchi/intelij14/idea-IU-139.1603.1/bin/../lib/util.jar:/home/suruchi/intelij14/idea-IU-139.1603.1/bin/../lib/jdom.jar:/home/suruchi/intelij14/idea-IU-139.1603.1/bin/../lib/log4j.jar:/home/suruchi/intelij14/idea-IU-139.1603.1/bin/../lib/trove4j.jar:/home/suruchi/intelij14/idea-IU-139.1603.1/bin/../lib/jna.jar:/usr/lib/jvm/java-8-openjdk-amd64/lib/tools.jar
PATH=/usr/local/sbin:/usr/local/bin:/usr/sbin:/usr/bin:/sbin:/bin:/usr/games:/usr/local/games
LD_LIBRARY_PATH=/home/suruchi/intelij14/idea-IU-139.1603.1/bin:
SHELL=/bin/bash
DISPLAY=:0

Signal Handlers:
SIGSEGV: [libjvm.so+0xa90d80], sa_mask[0]=11111111011111111101111111111110, sa_flags=SA_RESTART|SA_SIGINFO
SIGBUS: [libjvm.so+0xa90d80], sa_mask[0]=11111111011111111101111111111110, sa_flags=SA_RESTART|SA_SIGINFO
SIGFPE: [libjvm.so+0x8dbc70], sa_mask[0]=11111111011111111101111111111110, sa_flags=SA_RESTART|SA_SIGINFO
SIGPIPE: [libjvm.so+0x8dbc70], sa_mask[0]=11111111011111111101111111111110, sa_flags=SA_RESTART|SA_SIGINFO
SIGXFSZ: [libjvm.so+0x8dbc70], sa_mask[0]=11111111011111111101111111111110, sa_flags=SA_RESTART|SA_SIGINFO
SIGILL: [libjvm.so+0x8dbc70], sa_mask[0]=11111111011111111101111111111110, sa_flags=SA_RESTART|SA_SIGINFO
SIGUSR1: SIG_DFL, sa_mask[0]=00000000000000000000000000000000, sa_flags=none
SIGUSR2: [libjvm.so+0x8dbb20], sa_mask[0]=00100000000000000000000000000000, sa_flags=SA_RESTART|SA_SIGINFO
SIGHUP: [libjvm.so+0x8dbd40], sa_mask[0]=11111111011111111101111111111110, sa_flags=SA_RESTART|SA_SIGINFO
SIGINT: [libjvm.so+0x8dbd40], sa_mask[0]=11111111011111111101111111111110, sa_flags=SA_RESTART|SA_SIGINFO
SIGTERM: [libjvm.so+0x8dbd40], sa_mask[0]=11111111011111111101111111111110, sa_flags=SA_RESTART|SA_SIGINFO
SIGQUIT: [libjvm.so+0x8dbd40], sa_mask[0]=11111111011111111101111111111110, sa_flags=SA_RESTART|SA_SIGINFO


---------------  S Y S T E M  ---------------

OS:DISTRIB_ID=Ubuntu
DISTRIB_RELEASE=15.04
DISTRIB_CODENAME=vivid
DISTRIB_DESCRIPTION="Ubuntu 15.04"

uname:Linux 3.19.0-43-generic #49-Ubuntu SMP Sun Dec 27 19:43:07 UTC 2015 x86_64
libc:glibc 2.21 NPTL 2.21 
rlimit: STACK 8192k, CORE 0k, NPROC 15324, NOFILE 65536, AS infinity
load average:5.75 2.11 1.51

/proc/meminfo:
MemTotal:        3945456 kB
MemFree:          109904 kB
MemAvailable:      62120 kB
Buffers:             884 kB
Cached:           440040 kB
SwapCached:            0 kB
Active:          3320364 kB
Inactive:         377604 kB
Active(anon):    3316244 kB
Inactive(anon):   338648 kB
Active(file):       4120 kB
Inactive(file):    38956 kB
Unevictable:          32 kB
Mlocked:              32 kB
SwapTotal:             0 kB
SwapFree:              0 kB
Dirty:               260 kB
Writeback:             0 kB
AnonPages:       3257360 kB
Mapped:           148604 kB
Shmem:            397564 kB
Slab:              61572 kB
SReclaimable:      30296 kB
SUnreclaim:        31276 kB
KernelStack:        9024 kB
PageTables:        38188 kB
NFS_Unstable:          0 kB
Bounce:                0 kB
WritebackTmp:          0 kB
CommitLimit:     1972728 kB
Committed_AS:    7185540 kB
VmallocTotal:   34359738367 kB
VmallocUsed:      348412 kB
VmallocChunk:   34359328484 kB
HardwareCorrupted:     0 kB
AnonHugePages:   1071104 kB
CmaTotal:              0 kB
CmaFree:               0 kB
HugePages_Total:       0
HugePages_Free:        0
HugePages_Rsvd:        0
HugePages_Surp:        0
Hugepagesize:       2048 kB
DirectMap4k:      103672 kB
DirectMap2M:     3989504 kB


CPU:total 2 (2 cores per cpu, 1 threads per core) family 6 model 58 stepping 9, cmov, cx8, fxsr, mmx, sse, sse2, sse3, ssse3, sse4.1, sse4.2, popcnt, clmul, erms, tsc, tscinvbit, tscinv

/proc/cpuinfo:
processor	: 0
vendor_id	: GenuineIntel
cpu family	: 6
model		: 58
model name	: Intel(R) Celeron(R) CPU 1005M @ 1.90GHz
stepping	: 9
microcode	: 0x15
cpu MHz		: 1200.488
cache size	: 2048 KB
physical id	: 0
siblings	: 2
core id		: 0
cpu cores	: 2
apicid		: 0
initial apicid	: 0
fpu		: yes
fpu_exception	: yes
cpuid level	: 13
wp		: yes
flags		: fpu vme de pse tsc msr pae mce cx8 apic sep mtrr pge mca cmov pat pse36 clflush dts acpi mmx fxsr sse sse2 ss ht tm pbe syscall nx rdtscp lm constant_tsc arch_perfmon pebs bts rep_good nopl xtopology nonstop_tsc aperfmperf eagerfpu pni pclmulqdq dtes64 monitor ds_cpl vmx est tm2 ssse3 cx16 xtpr pdcm pcid sse4_1 sse4_2 x2apic popcnt tsc_deadline_timer xsave lahf_lm arat epb pln pts dtherm tpr_shadow vnmi flexpriority ept vpid fsgsbase smep erms xsaveopt
bugs		:
bogomips	: 3791.36
clflush size	: 64
cache_alignment	: 64
address sizes	: 36 bits physical, 48 bits virtual
power management:

processor	: 1
vendor_id	: GenuineIntel
cpu family	: 6
model		: 58
model name	: Intel(R) Celeron(R) CPU 1005M @ 1.90GHz
stepping	: 9
microcode	: 0x15
cpu MHz		: 1200.042
cache size	: 2048 KB
physical id	: 0
siblings	: 2
core id		: 1
cpu cores	: 2
apicid		: 2
initial apicid	: 2
fpu		: yes
fpu_exception	: yes
cpuid level	: 13
wp		: yes
flags		: fpu vme de pse tsc msr pae mce cx8 apic sep mtrr pge mca cmov pat pse36 clflush dts acpi mmx fxsr sse sse2 ss ht tm pbe syscall nx rdtscp lm constant_tsc arch_perfmon pebs bts rep_good nopl xtopology nonstop_tsc aperfmperf eagerfpu pni pclmulqdq dtes64 monitor ds_cpl vmx est tm2 ssse3 cx16 xtpr pdcm pcid sse4_1 sse4_2 x2apic popcnt tsc_deadline_timer xsave lahf_lm arat epb pln pts dtherm tpr_shadow vnmi flexpriority ept vpid fsgsbase smep erms xsaveopt
bugs		:
bogomips	: 3791.36
clflush size	: 64
cache_alignment	: 64
address sizes	: 36 bits physical, 48 bits virtual
power management:



Memory: 4k page, physical 3945456k(109904k free), swap 0k(0k free)

vm_info: OpenJDK 64-Bit Server VM (25.45-b02) for linux-amd64 JRE (1.8.0_45-internal-b14), built on Apr 20 2015 00:35:04 by "buildd" with gcc 4.9.2

time: Mon Apr 25 21:44:16 2016
elapsed time: 64 seconds (0d 0h 1m 4s)

