#
# There is insufficient memory for the Java Runtime Environment to continue.
# Native memory allocation (mmap) failed to map 77594624 bytes for committing reserved memory.
# Possible reasons:
#   The system is out of physical RAM or swap space
#   In 32 bit mode, the process size limit was hit
# Possible solutions:
#   Reduce memory load on the system
#   Increase physical memory or swap space
#   Check if swap backing store is full
#   Use 64 bit Java on a 64 bit OS
#   Decrease Java heap size (-Xmx/-Xms)
#   Decrease number of Java threads
#   Decrease Java thread stack sizes (-Xss)
#   Set larger code cache with -XX:ReservedCodeCacheSize=
# This output file may be truncated or incomplete.
#
#  Out of Memory Error (os_linux.cpp:2673), pid=12557, tid=140519088699136
#
# JRE version: OpenJDK Runtime Environment (8.0_45-b14) (build 1.8.0_45-internal-b14)
# Java VM: OpenJDK 64-Bit Server VM (25.45-b02 mixed mode linux-amd64 compressed oops)
# Failed to write core dump. Core dumps have been disabled. To enable core dumping, try "ulimit -c unlimited" before starting Java again
#

---------------  T H R E A D  ---------------

Current thread (0x00007fcd38076000):  VMThread [stack: 0x00007fcd264db000,0x00007fcd265dc000] [id=12568]

Stack: [0x00007fcd264db000,0x00007fcd265dc000],  sp=0x00007fcd265da4d0,  free space=1021k
Native frames: (J=compiled Java code, j=interpreted, Vv=VM code, C=native code)
V  [libjvm.so+0xa902bd]  VMError::report_and_die()+0x15d
V  [libjvm.so+0x4e783c]  report_vm_out_of_memory(char const*, int, unsigned long, VMErrorType, char const*)+0xac
V  [libjvm.so+0x8e03b0]  os::pd_commit_memory(char*, unsigned long, unsigned long, bool)+0xf0
V  [libjvm.so+0x8daaee]  os::commit_memory(char*, unsigned long, unsigned long, bool)+0x2e
V  [libjvm.so+0x955a9b]  PSVirtualSpace::expand_by(unsigned long)+0x5b
V  [libjvm.so+0x956e03]  PSYoungGen::resize(unsigned long, unsigned long)+0x103
V  [libjvm.so+0x953a8e]  PSScavenge::invoke_no_policy()+0x14be
V  [libjvm.so+0x953d7c]  PSScavenge::invoke()+0x4c
V  [libjvm.so+0x906073]  ParallelScavengeHeap::failed_mem_allocate(unsigned long)+0x63
V  [libjvm.so+0xa91d92]  VM_ParallelGCFailedAllocation::doit()+0x92
V  [libjvm.so+0xa968f7]  VM_Operation::evaluate()+0x47
V  [libjvm.so+0xa94c17]  VMThread::evaluate_operation(VM_Operation*)+0xe7
V  [libjvm.so+0xa95447]  VMThread::loop()+0x227
V  [libjvm.so+0xa95991]  VMThread::run()+0x81
V  [libjvm.so+0x8dd8a2]  java_start(Thread*)+0xf2

VM_Operation (0x00007fcd41412900): ParallelGCFailedAllocation, mode: safepoint, requested by thread 0x00007fcd3800c800


---------------  P R O C E S S  ---------------

Java Threads: ( => current thread )
  0x00007fcd38163000 JavaThread "btpool0-1" [_thread_blocked, id=12600, stack(0x00007fcd242ca000,0x00007fcd243cb000)]
  0x00007fcd38727000 JavaThread "btpool0-0" [_thread_blocked, id=12599, stack(0x00007fcd243cb000,0x00007fcd244cc000)]
  0x00007fcd3842f800 JavaThread "pool-1-thread-5" [_thread_blocked, id=12590, stack(0x00007fcd2512b000,0x00007fcd2522c000)]
  0x00007fcd3842c000 JavaThread "pool-1-thread-4" [_thread_blocked, id=12589, stack(0x00007fcd2522c000,0x00007fcd2532d000)]
  0x00007fcce8002000 JavaThread "pool-1-thread-3" [_thread_blocked, id=12586, stack(0x00007fcd25536000,0x00007fcd25637000)]
  0x00007fcd3834e000 JavaThread "pool-1-thread-2" [_thread_blocked, id=12585, stack(0x00007fcd25637000,0x00007fcd25738000)]
  0x00007fcd3834d800 JavaThread "pool-1-thread-1" [_thread_blocked, id=12584, stack(0x00007fcd25738000,0x00007fcd25839000)]
  0x00007fcd38269000 JavaThread "process reaper" daemon [_thread_blocked, id=12583, stack(0x00007fcd25845000,0x00007fcd2587e000)]
  0x00007fcd380c3000 JavaThread "Service Thread" daemon [_thread_blocked, id=12579, stack(0x00007fcd259cd000,0x00007fcd25ace000)]
  0x00007fcd380c0000 JavaThread "C1 CompilerThread1" daemon [_thread_blocked, id=12578, stack(0x00007fcd25ace000,0x00007fcd25bcf000)]
  0x00007fcd380bd000 JavaThread "C2 CompilerThread0" daemon [_thread_blocked, id=12577, stack(0x00007fcd25bcf000,0x00007fcd25cd0000)]
  0x00007fcd0c001000 JavaThread "JDWP Command Reader" daemon [_thread_in_native, id=12575, stack(0x00007fcd25cd0000,0x00007fcd25dd1000)]
  0x00007fcd380ba800 JavaThread "JDWP Event Helper Thread" daemon [_thread_blocked, id=12574, stack(0x00007fcd25dd1000,0x00007fcd25ed2000)]
  0x00007fcd380b7000 JavaThread "JDWP Transport Listener: dt_socket" daemon [_thread_blocked, id=12572, stack(0x00007fcd25ed2000,0x00007fcd25fd3000)]
  0x00007fcd380a6800 JavaThread "Signal Dispatcher" daemon [_thread_blocked, id=12571, stack(0x00007fcd261d8000,0x00007fcd262d9000)]
  0x00007fcd3807d000 JavaThread "Finalizer" daemon [_thread_blocked, id=12570, stack(0x00007fcd262d9000,0x00007fcd263da000)]
  0x00007fcd3807b000 JavaThread "Reference Handler" daemon [_thread_blocked, id=12569, stack(0x00007fcd263da000,0x00007fcd264db000)]
  0x00007fcd3800c800 JavaThread "main" [_thread_blocked, id=12561, stack(0x00007fcd41315000,0x00007fcd41416000)]

Other Threads:
=>0x00007fcd38076000 VMThread [stack: 0x00007fcd264db000,0x00007fcd265dc000] [id=12568]
  0x00007fcd380c5800 WatcherThread [stack: 0x00007fcd258cc000,0x00007fcd259cd000] [id=12580]

VM state:at safepoint (normal execution)

VM Mutex/Monitor currently owned by a thread:  ([mutex/lock_event])
[0x00007fcd38008d80] Threads_lock - owner thread: 0x00007fcd38076000
[0x00007fcd38009280] Heap_lock - owner thread: 0x00007fcd3800c800

Heap:
 PSYoungGen      total 134144K, used 11245K [0x00000000ebf00000, 0x00000000f5000000, 0x0000000100000000)
  eden space 122880K, 0% used [0x00000000ebf00000,0x00000000ebf00000,0x00000000f3700000)
  from space 11264K, 99% used [0x00000000f3700000,0x00000000f41fb758,0x00000000f4200000)
  to   space 8192K, 0% used [0x00000000f4200000,0x00000000f4200000,0x00000000f4a00000)
 ParOldGen       total 42496K, used 17809K [0x00000000c3c00000, 0x00000000c6580000, 0x00000000ebf00000)
  object space 42496K, 41% used [0x00000000c3c00000,0x00000000c4d646a0,0x00000000c6580000)
 Metaspace       used 17592K, capacity 18096K, committed 18304K, reserved 1064960K
  class space    used 1921K, capacity 2102K, committed 2176K, reserved 1048576K

Card table byte_map: [0x00007fcd3ccfa000,0x00007fcd3cedd000] byte_map_base: 0x00007fcd3c6dc000

Marking Bits: (ParMarkBitMap*) 0x00007fcd405e9e80
 Begin Bits: [0x00007fcd271e0000, 0x00007fcd280f0000)
 End Bits:   [0x00007fcd280f0000, 0x00007fcd29000000)

Polling page: 0x00007fcd4143b000

CodeCache: size=245760Kb used=10755Kb max_used=10994Kb free=235004Kb
 bounds [0x00007fcd29000000, 0x00007fcd29ae0000, 0x00007fcd38000000]
 total_blobs=3386 nmethods=3039 adapters=269
 compilation: enabled

Compilation events (10 events):
Event: 29.701 Thread 0x00007fcd380c0000 3362 %     3       com.sun.org.apache.xerces.internal.impl.io.UTF8Reader::read @ 113 (1388 bytes)
Event: 29.707 Thread 0x00007fcd380c0000 nmethod 3362% 0x00007fcd29352b10 code [0x00007fcd29352f60, 0x00007fcd29355cb8]
Event: 29.707 Thread 0x00007fcd380c0000 3364       3       com.sun.org.apache.xerces.internal.util.FeatureState::is (12 bytes)
Event: 29.707 Thread 0x00007fcd380c0000 nmethod 3364 0x00007fcd29395550 code [0x00007fcd293956c0, 0x00007fcd29395930]
Event: 29.707 Thread 0x00007fcd380c0000 3360       3       com.sun.org.apache.xerces.internal.impl.dtd.DTDGrammar::getElementDeclIndex (9 bytes)
Event: 29.708 Thread 0x00007fcd380c0000 nmethod 3360 0x00007fcd29397610 code [0x00007fcd29397780, 0x00007fcd29397a28]
Event: 29.708 Thread 0x00007fcd380c0000 3365       3       com.sun.org.apache.xerces.internal.util.ParserConfigurationSettings::getFeatureState (46 bytes)
Event: 29.708 Thread 0x00007fcd380c0000 nmethod 3365 0x00007fcd29390090 code [0x00007fcd29390280, 0x00007fcd29390bb8]
Event: 29.708 Thread 0x00007fcd380c0000 3366       3       com.sun.org.apache.xerces.internal.util.ParserConfigurationSettings::getProperty (31 bytes)
Event: 29.709 Thread 0x00007fcd380c0000 nmethod 3366 0x00007fcd29381010 code [0x00007fcd293811a0, 0x00007fcd293815b8]

GC Heap History (10 events):
Event: 4.963 GC heap after
Heap after GC invocations=4 (full 0):
 PSYoungGen      total 34304K, used 2544K [0x00000000ebf00000, 0x00000000ee300000, 0x0000000100000000)
  eden space 31744K, 0% used [0x00000000ebf00000,0x00000000ebf00000,0x00000000ede00000)
  from space 2560K, 99% used [0x00000000ee080000,0x00000000ee2fc010,0x00000000ee300000)
  to   space 2560K, 0% used [0x00000000ede00000,0x00000000ede00000,0x00000000ee080000)
 ParOldGen       total 42496K, used 5113K [0x00000000c3c00000, 0x00000000c6580000, 0x00000000ebf00000)
  object space 42496K, 12% used [0x00000000c3c00000,0x00000000c40fe678,0x00000000c6580000)
 Metaspace       used 8622K, capacity 8902K, committed 9088K, reserved 1056768K
  class space    used 950K, capacity 1041K, committed 1152K, reserved 1048576K
}
Event: 5.983 GC heap before
{Heap before GC invocations=5 (full 0):
 PSYoungGen      total 34304K, used 34288K [0x00000000ebf00000, 0x00000000ee300000, 0x0000000100000000)
  eden space 31744K, 100% used [0x00000000ebf00000,0x00000000ede00000,0x00000000ede00000)
  from space 2560K, 99% used [0x00000000ee080000,0x00000000ee2fc010,0x00000000ee300000)
  to   space 2560K, 0% used [0x00000000ede00000,0x00000000ede00000,0x00000000ee080000)
 ParOldGen       total 42496K, used 5113K [0x00000000c3c00000, 0x00000000c6580000, 0x00000000ebf00000)
  object space 42496K, 12% used [0x00000000c3c00000,0x00000000c40fe678,0x00000000c6580000)
 Metaspace       used 8884K, capacity 9132K, committed 9344K, reserved 1056768K
  class space    used 955K, capacity 1074K, committed 1152K, reserved 1048576K
Event: 6.008 GC heap after
Heap after GC invocations=5 (full 0):
 PSYoungGen      total 34304K, used 2544K [0x00000000ebf00000, 0x00000000f0800000, 0x0000000100000000)
  eden space 31744K, 0% used [0x00000000ebf00000,0x00000000ebf00000,0x00000000ede00000)
  from space 2560K, 99% used [0x00000000ede00000,0x00000000ee07c010,0x00000000ee080000)
  to   space 5632K, 0% used [0x00000000f0280000,0x00000000f0280000,0x00000000f0800000)
 ParOldGen       total 42496K, used 7593K [0x00000000c3c00000, 0x00000000c6580000, 0x00000000ebf00000)
  object space 42496K, 17% used [0x00000000c3c00000,0x00000000c436a520,0x00000000c6580000)
 Metaspace       used 8884K, capacity 9132K, committed 9344K, reserved 1056768K
  class space    used 955K, capacity 1074K, committed 1152K, reserved 1048576K
}
Event: 6.955 GC heap before
{Heap before GC invocations=6 (full 0):
 PSYoungGen      total 34304K, used 34288K [0x00000000ebf00000, 0x00000000f0800000, 0x0000000100000000)
  eden space 31744K, 100% used [0x00000000ebf00000,0x00000000ede00000,0x00000000ede00000)
  from space 2560K, 99% used [0x00000000ede00000,0x00000000ee07c010,0x00000000ee080000)
  to   space 5632K, 0% used [0x00000000f0280000,0x00000000f0280000,0x00000000f0800000)
 ParOldGen       total 42496K, used 7593K [0x00000000c3c00000, 0x00000000c6580000, 0x00000000ebf00000)
  object space 42496K, 17% used [0x00000000c3c00000,0x00000000c436a520,0x00000000c6580000)
 Metaspace       used 9155K, capacity 9508K, committed 9600K, reserved 1058816K
  class space    used 976K, capacity 1114K, committed 1152K, reserved 1048576K
Event: 6.987 GC heap after
Heap after GC invocations=6 (full 0):
 PSYoungGen      total 68608K, used 5326K [0x00000000ebf00000, 0x00000000f0900000, 0x0000000100000000)
  eden space 62976K, 0% used [0x00000000ebf00000,0x00000000ebf00000,0x00000000efc80000)
  from space 5632K, 94% used [0x00000000f0280000,0x00000000f07b3900,0x00000000f0800000)
  to   space 6144K, 0% used [0x00000000efc80000,0x00000000efc80000,0x00000000f0280000)
 ParOldGen       total 42496K, used 7593K [0x00000000c3c00000, 0x00000000c6580000, 0x00000000ebf00000)
  object space 42496K, 17% used [0x00000000c3c00000,0x00000000c436a520,0x00000000c6580000)
 Metaspace       used 9155K, capacity 9508K, committed 9600K, reserved 1058816K
  class space    used 976K, capacity 1114K, committed 1152K, reserved 1048576K
}
Event: 8.292 GC heap before
{Heap before GC invocations=7 (full 0):
 PSYoungGen      total 68608K, used 68302K [0x00000000ebf00000, 0x00000000f0900000, 0x0000000100000000)
  eden space 62976K, 100% used [0x00000000ebf00000,0x00000000efc80000,0x00000000efc80000)
  from space 5632K, 94% used [0x00000000f0280000,0x00000000f07b3900,0x00000000f0800000)
  to   space 6144K, 0% used [0x00000000efc80000,0x00000000efc80000,0x00000000f0280000)
 ParOldGen       total 42496K, used 7593K [0x00000000c3c00000, 0x00000000c6580000, 0x00000000ebf00000)
  object space 42496K, 17% used [0x00000000c3c00000,0x00000000c436a520,0x00000000c6580000)
 Metaspace       used 9325K, capacity 9642K, committed 9856K, reserved 1058816K
  class space    used 977K, capacity 1115K, committed 1152K, reserved 1048576K
Event: 8.325 GC heap after
Heap after GC invocations=7 (full 0):
 PSYoungGen      total 69120K, used 6131K [0x00000000ebf00000, 0x00000000f4a00000, 0x0000000100000000)
  eden space 62976K, 0% used [0x00000000ebf00000,0x00000000ebf00000,0x00000000efc80000)
  from space 6144K, 99% used [0x00000000efc80000,0x00000000f027cf70,0x00000000f0280000)
  to   space 8192K, 0% used [0x00000000f4200000,0x00000000f4200000,0x00000000f4a00000)
 ParOldGen       total 42496K, used 10856K [0x00000000c3c00000, 0x00000000c6580000, 0x00000000ebf00000)
  object space 42496K, 25% used [0x00000000c3c00000,0x00000000c469a288,0x00000000c6580000)
 Metaspace       used 9325K, capacity 9642K, committed 9856K, reserved 1058816K
  class space    used 977K, capacity 1115K, committed 1152K, reserved 1048576K
}
Event: 12.811 GC heap before
{Heap before GC invocations=8 (full 0):
 PSYoungGen      total 69120K, used 69107K [0x00000000ebf00000, 0x00000000f4a00000, 0x0000000100000000)
  eden space 62976K, 100% used [0x00000000ebf00000,0x00000000efc80000,0x00000000efc80000)
  from space 6144K, 99% used [0x00000000efc80000,0x00000000f027cf70,0x00000000f0280000)
  to   space 8192K, 0% used [0x00000000f4200000,0x00000000f4200000,0x00000000f4a00000)
 ParOldGen       total 42496K, used 10856K [0x00000000c3c00000, 0x00000000c6580000, 0x00000000ebf00000)
  object space 42496K, 25% used [0x00000000c3c00000,0x00000000c469a288,0x00000000c6580000)
 Metaspace       used 14689K, capacity 15116K, committed 15360K, reserved 1062912K
  class space    used 1607K, capacity 1772K, committed 1792K, reserved 1048576K
Event: 12.868 GC heap after
Heap after GC invocations=8 (full 0):
 PSYoungGen      total 131072K, used 8183K [0x00000000ebf00000, 0x00000000f5000000, 0x0000000100000000)
  eden space 122880K, 0% used [0x00000000ebf00000,0x00000000ebf00000,0x00000000f3700000)
  from space 8192K, 99% used [0x00000000f4200000,0x00000000f49fdd20,0x00000000f4a00000)
  to   space 11264K, 0% used [0x00000000f3700000,0x00000000f3700000,0x00000000f4200000)
 ParOldGen       total 42496K, used 15522K [0x00000000c3c00000, 0x00000000c6580000, 0x00000000ebf00000)
  object space 42496K, 36% used [0x00000000c3c00000,0x00000000c4b28a30,0x00000000c6580000)
 Metaspace       used 14689K, capacity 15116K, committed 15360K, reserved 1062912K
  class space    used 1607K, capacity 1772K, committed 1792K, reserved 1048576K
}
Event: 29.832 GC heap before
{Heap before GC invocations=9 (full 0):
 PSYoungGen      total 131072K, used 131063K [0x00000000ebf00000, 0x00000000f5000000, 0x0000000100000000)
  eden space 122880K, 100% used [0x00000000ebf00000,0x00000000f3700000,0x00000000f3700000)
  from space 8192K, 99% used [0x00000000f4200000,0x00000000f49fdd20,0x00000000f4a00000)
  to   space 11264K, 0% used [0x00000000f3700000,0x00000000f3700000,0x00000000f4200000)
 ParOldGen       total 42496K, used 15522K [0x00000000c3c00000, 0x00000000c6580000, 0x00000000ebf00000)
  object space 42496K, 36% used [0x00000000c3c00000,0x00000000c4b28a30,0x00000000c6580000)
 Metaspace       used 17592K, capacity 18096K, committed 18304K, reserved 1064960K
  class space    used 1921K, capacity 2102K, committed 2176K, reserved 1048576K

Deoptimization events (10 events):
Event: 21.864 Thread 0x00007fcd3800c800 Uncommon trap: reason=unstable_if action=reinterpret pc=0x00007fcd2916aac0 method=java.util.jar.Manifest$FastInputStream.readLine([BII)I @ 87
Event: 26.857 Thread 0x00007fcd3800c800 Uncommon trap: reason=bimorphic action=maybe_recompile pc=0x00007fcd296b8a40 method=java.util.regex.Matcher.match(II)Z @ 86
Event: 26.919 Thread 0x00007fcd3800c800 Uncommon trap: reason=bimorphic action=maybe_recompile pc=0x00007fcd296b8a40 method=java.util.regex.Matcher.match(II)Z @ 86
Event: 26.919 Thread 0x00007fcd3800c800 Uncommon trap: reason=bimorphic action=maybe_recompile pc=0x00007fcd296b8a40 method=java.util.regex.Matcher.match(II)Z @ 86
Event: 27.609 Thread 0x00007fcd3800c800 Uncommon trap: reason=unstable_if action=reinterpret pc=0x00007fcd29a15ae8 method=java.util.regex.Pattern$CharProperty.match(Ljava/util/regex/Matcher;ILjava/lang/CharSequence;)Z @ 40
Event: 27.787 Thread 0x00007fcd3800c800 Uncommon trap: reason=class_check action=maybe_recompile pc=0x00007fcd2910c0e8 method=sun.misc.URLClassPath.getResource(Ljava/lang/String;Z)Lsun/misc/Resource; @ 62
Event: 27.852 Thread 0x00007fcd3800c800 Uncommon trap: reason=class_check action=maybe_recompile pc=0x00007fcd2910c0e8 method=sun.misc.URLClassPath.getResource(Ljava/lang/String;Z)Lsun/misc/Resource; @ 62
Event: 28.430 Thread 0x00007fcd3800c800 Uncommon trap: reason=class_check action=maybe_recompile pc=0x00007fcd296a93b8 method=java.util.Hashtable.get(Ljava/lang/Object;)Ljava/lang/Object; @ 6
Event: 29.686 Thread 0x00007fcd3800c800 Uncommon trap: reason=class_check action=maybe_recompile pc=0x00007fcd296a93b8 method=java.util.Hashtable.get(Ljava/lang/Object;)Ljava/lang/Object; @ 6
Event: 29.702 Thread 0x00007fcd3800c800 Uncommon trap: reason=class_check action=maybe_recompile pc=0x00007fcd296a93b8 method=java.util.Hashtable.get(Ljava/lang/Object;)Ljava/lang/Object; @ 6

Internal exceptions (10 events):
Event: 11.369 Thread 0x00007fcd3800c800 Exception <a 'java/io/FileNotFoundException'> (0x00000000ede19db0) thrown at [/build/buildd/openjdk-8-8u45-b14/src/hotspot/src/share/vm/prims/jni.cpp, line 709]
Event: 11.395 Thread 0x00007fcd3800c800 Exception <a 'java/io/FileNotFoundException'> (0x00000000ede40bd0) thrown at [/build/buildd/openjdk-8-8u45-b14/src/hotspot/src/share/vm/prims/jni.cpp, line 709]
Event: 11.395 Thread 0x00007fcd3800c800 Exception <a 'java/io/FileNotFoundException'> (0x00000000ede41600) thrown at [/build/buildd/openjdk-8-8u45-b14/src/hotspot/src/share/vm/prims/jni.cpp, line 709]
Event: 11.921 Thread 0x00007fcd3800c800 Implicit null exception at 0x00007fcd297994ac to 0x00007fcd29799741
Event: 13.724 Thread 0x00007fcd3800c800 Exception <a 'java/security/PrivilegedActionException'> (0x00000000ef66cb00) thrown at [/build/buildd/openjdk-8-8u45-b14/src/hotspot/src/share/vm/prims/jvm.cpp, line 1382]
Event: 13.724 Thread 0x00007fcd3800c800 Exception <a 'java/security/PrivilegedActionException'> (0x00000000ef66ce48) thrown at [/build/buildd/openjdk-8-8u45-b14/src/hotspot/src/share/vm/prims/jvm.cpp, line 1382]
Event: 16.965 Thread 0x00007fcd3800c800 Exception <a 'java/lang/reflect/InvocationTargetException'> (0x00000000f286c2a0) thrown at [/build/buildd/openjdk-8-8u45-b14/src/hotspot/src/share/vm/runtime/reflection.cpp, line 1080]
Event: 16.965 Thread 0x00007fcd3800c800 Exception <a 'java/lang/ClassNotFoundException'> (0x00000000f286bf58) thrown at [/build/buildd/openjdk-8-8u45-b14/src/hotspot/src/share/vm/prims/jni.cpp, line 709]
Event: 21.150 Thread 0x00007fcd3800c800 Exception <a 'java/net/BindException'> (0x00000000f2ca6ad8) thrown at [/build/buildd/openjdk-8-8u45-b14/src/hotspot/src/share/vm/prims/jni.cpp, line 709]
Event: 21.987 Thread 0x00007fcd3800c800 Exception <a 'java/io/FileNotFoundException'> (0x00000000f2f76370) thrown at [/build/buildd/openjdk-8-8u45-b14/src/hotspot/src/share/vm/prims/jni.cpp, line 709]

Events (10 events):
Event: 29.696 Thread 0x00007fcd3800c800 DEOPT PACKING pc=0x00007fcd2913e40c sp=0x00007fcd41412da0
Event: 29.696 Thread 0x00007fcd3800c800 DEOPT UNPACKING pc=0x00007fcd29046f73 sp=0x00007fcd41412b10 mode 1
Event: 29.698 Thread 0x00007fcd3800c800 DEOPT PACKING pc=0x00007fcd2913e40c sp=0x00007fcd41412da0
Event: 29.698 Thread 0x00007fcd3800c800 DEOPT UNPACKING pc=0x00007fcd29046f73 sp=0x00007fcd41412b10 mode 1
Event: 29.701 Thread 0x00007fcd3800c800 DEOPT PACKING pc=0x00007fcd2913e40c sp=0x00007fcd41412da0
Event: 29.701 Thread 0x00007fcd3800c800 DEOPT UNPACKING pc=0x00007fcd29046f73 sp=0x00007fcd41412b10 mode 1
Event: 29.702 Thread 0x00007fcd3800c800 Uncommon trap: trap_request=0xffffffde fr.pc=0x00007fcd296a93b8
Event: 29.702 Thread 0x00007fcd3800c800 DEOPT PACKING pc=0x00007fcd296a93b8 sp=0x00007fcd41412c50
Event: 29.702 Thread 0x00007fcd3800c800 DEOPT UNPACKING pc=0x00007fcd29004f69 sp=0x00007fcd41412c18 mode 2
Event: 29.728 Executing VM operation: ParallelGCFailedAllocation


Dynamic libraries:
00400000-00401000 r-xp 00000000 08:04 2625349                            /usr/lib/jvm/java-8-openjdk-amd64/jre/bin/java
00600000-00601000 r--p 00000000 08:04 2625349                            /usr/lib/jvm/java-8-openjdk-amd64/jre/bin/java
00601000-00602000 rw-p 00001000 08:04 2625349                            /usr/lib/jvm/java-8-openjdk-amd64/jre/bin/java
0226a000-0228b000 rw-p 00000000 00:00 0                                  [heap]
c3c00000-c6580000 rw-p 00000000 00:00 0 
c6580000-ebf00000 ---p 00000000 00:00 0 
ebf00000-f5000000 rw-p 00000000 00:00 0 
f9a00000-100000000 ---p 00000000 00:00 0 
100000000-100220000 rw-p 00000000 00:00 0 
100220000-140000000 ---p 00000000 00:00 0 
7fcce8000000-7fcce8021000 rw-p 00000000 00:00 0 
7fcce8021000-7fccec000000 ---p 00000000 00:00 0 
7fccf0000000-7fccf0021000 rw-p 00000000 00:00 0 
7fccf0021000-7fccf4000000 ---p 00000000 00:00 0 
7fccf4000000-7fccf4021000 rw-p 00000000 00:00 0 
7fccf4021000-7fccf8000000 ---p 00000000 00:00 0 
7fccf8000000-7fccf96e2000 rw-p 00000000 00:00 0 
7fccf96e2000-7fccfc000000 ---p 00000000 00:00 0 
7fccfc000000-7fccfc8fe000 rw-p 00000000 00:00 0 
7fccfc8fe000-7fcd00000000 ---p 00000000 00:00 0 
7fcd00000000-7fcd0003c000 rw-p 00000000 00:00 0 
7fcd0003c000-7fcd04000000 ---p 00000000 00:00 0 
7fcd04000000-7fcd04021000 rw-p 00000000 00:00 0 
7fcd04021000-7fcd08000000 ---p 00000000 00:00 0 
7fcd08000000-7fcd08021000 rw-p 00000000 00:00 0 
7fcd08021000-7fcd0c000000 ---p 00000000 00:00 0 
7fcd0c000000-7fcd0c021000 rw-p 00000000 00:00 0 
7fcd0c021000-7fcd10000000 ---p 00000000 00:00 0 
7fcd10000000-7fcd10021000 rw-p 00000000 00:00 0 
7fcd10021000-7fcd14000000 ---p 00000000 00:00 0 
7fcd14000000-7fcd14021000 rw-p 00000000 00:00 0 
7fcd14021000-7fcd18000000 ---p 00000000 00:00 0 
7fcd18000000-7fcd18021000 rw-p 00000000 00:00 0 
7fcd18021000-7fcd1c000000 ---p 00000000 00:00 0 
7fcd1c000000-7fcd1c27c000 rw-p 00000000 00:00 0 
7fcd1c27c000-7fcd20000000 ---p 00000000 00:00 0 
7fcd20000000-7fcd20021000 rw-p 00000000 00:00 0 
7fcd20021000-7fcd24000000 ---p 00000000 00:00 0 
7fcd24260000-7fcd24261000 rw-p 00000000 00:00 0 
7fcd24261000-7fcd2426b000 r--s 0005c000 08:04 9572211                    /home/suruchi/.m2/repository/jstl/jstl/1.2/jstl-1.2.jar
7fcd2426b000-7fcd2427a000 r--s 000af000 08:04 9702251                    /home/suruchi/.m2/repository/org/springframework/spring-webmvc/4.1.1.RELEASE/spring-webmvc-4.1.1.RELEASE.jar
7fcd2427a000-7fcd24283000 r--s 0006d000 08:04 10225920                   /home/suruchi/.m2/repository/log4j/log4j/1.2.16/log4j-1.2.16.jar
7fcd24283000-7fcd24286000 r--s 00016000 08:04 10225946                   /home/suruchi/.m2/repository/commons-pool/commons-pool/1.5.5/commons-pool-1.5.5.jar
7fcd24286000-7fcd24289000 r--s 00025000 08:04 10225918                   /home/suruchi/.m2/repository/commons-dbcp/commons-dbcp/1.4/commons-dbcp-1.4.jar
7fcd24289000-7fcd2428d000 r--s 00027000 08:04 9703870                    /home/suruchi/.m2/repository/com/google/code/gson/gson/1.7.1/gson-1.7.1.jar
7fcd2428d000-7fcd24291000 r--s 00035000 08:04 10636490                   /home/suruchi/.m2/repository/org/codehaus/jackson/jackson-core-asl/1.9.12/jackson-core-asl-1.9.12.jar
7fcd24291000-7fcd242a0000 r--s 000b0000 08:04 10504022                   /home/suruchi/.m2/repository/org/codehaus/jackson/jackson-mapper-asl/1.9.12/jackson-mapper-asl-1.9.12.jar
7fcd242a0000-7fcd242a2000 r--s 0000a000 08:04 9701194                    /home/suruchi/.m2/repository/commons-codec/commons-codec/1.3/commons-codec-1.3.jar
7fcd242a2000-7fcd242a7000 r--s 00026000 08:04 9701192                    /home/suruchi/.m2/repository/org/apache/httpcomponents/httpcore/4.0.1/httpcore-4.0.1.jar
7fcd242a7000-7fcd242af000 r--s 00040000 08:04 9835852                    /home/suruchi/.m2/repository/org/apache/httpcomponents/httpclient/4.0.1/httpclient-4.0.1.jar
7fcd242af000-7fcd242b2000 r--s 00006000 08:04 9703864                    /home/suruchi/.m2/repository/com/google/code/findbugs/jsr305/1.3.9/jsr305-1.3.9.jar
7fcd242b2000-7fcd242b9000 r--s 0003c000 08:04 10370847                   /home/suruchi/.m2/repository/com/google/http-client/google-http-client/1.18.0-rc/google-http-client-1.18.0-rc.jar
7fcd242b9000-7fcd242bb000 r--s 0000d000 08:04 10230926                   /home/suruchi/.m2/repository/com/google/oauth-client/google-oauth-client/1.18.0-rc/google-oauth-client-1.18.0-rc.jar
7fcd242bb000-7fcd242bf000 r--s 00025000 08:04 10230925                   /home/suruchi/.m2/repository/com/google/api-client/google-api-client/1.18.0-rc/google-api-client-1.18.0-rc.jar
7fcd242bf000-7fcd242c6000 r--s 000a5000 08:04 10225936                   /home/suruchi/.m2/repository/mysql/mysql-connector-java/5.1.6/mysql-connector-java-5.1.6.jar
7fcd242c6000-7fcd242ca000 r--s 00039000 08:04 9702253                    /home/suruchi/.m2/repository/org/springframework/spring-expression/4.1.1.RELEASE/spring-expression-4.1.1.RELEASE.jar
7fcd242ca000-7fcd242cd000 ---p 00000000 00:00 0 
7fcd242cd000-7fcd243cb000 rw-p 00000000 00:00 0                          [stack:12600]
7fcd243cb000-7fcd243ce000 ---p 00000000 00:00 0 
7fcd243ce000-7fcd247cd000 rw-p 00000000 00:00 0                          [stack:12599]
7fcd247cd000-7fcd247e4000 r-xp 00000000 08:04 2625272                    /usr/lib/jvm/java-8-openjdk-amd64/jre/lib/amd64/libnet.so
7fcd247e4000-7fcd249e3000 ---p 00017000 08:04 2625272                    /usr/lib/jvm/java-8-openjdk-amd64/jre/lib/amd64/libnet.so
7fcd249e3000-7fcd249e4000 r--p 00016000 08:04 2625272                    /usr/lib/jvm/java-8-openjdk-amd64/jre/lib/amd64/libnet.so
7fcd249e4000-7fcd249e5000 rw-p 00017000 08:04 2625272                    /usr/lib/jvm/java-8-openjdk-amd64/jre/lib/amd64/libnet.so
7fcd249e5000-7fcd24ba5000 rw-p 00000000 00:00 0 
7fcd24ba5000-7fcd24be5000 ---p 00000000 00:00 0 
7fcd24be5000-7fcd24de5000 rw-p 00000000 00:00 0 
7fcd24de5000-7fcd24de6000 r--s 0000f000 08:04 9575456                    /home/suruchi/.m2/repository/org/json/json/20140107/json-20140107.jar
7fcd24de6000-7fcd24dfe000 r--s 000e3000 08:04 9702245                    /home/suruchi/.m2/repository/org/springframework/spring-context/4.1.1.RELEASE/spring-context-4.1.1.RELEASE.jar
7fcd24dfe000-7fcd24e0b000 r--s 0009f000 08:04 9702242                    /home/suruchi/.m2/repository/org/springframework/spring-beans/4.1.1.RELEASE/spring-beans-4.1.1.RELEASE.jar
7fcd24e0b000-7fcd24e0d000 r--s 00000000 08:04 9572191                    /home/suruchi/.m2/repository/aopalliance/aopalliance/1.0/aopalliance-1.0.jar
7fcd24e0d000-7fcd24e16000 r--s 0004f000 08:04 9702244                    /home/suruchi/.m2/repository/org/springframework/spring-aop/4.1.1.RELEASE/spring-aop-4.1.1.RELEASE.jar
7fcd24e16000-7fcd24e25000 r--s 0009c000 08:04 9702243                    /home/suruchi/.m2/repository/org/springframework/spring-web/4.1.1.RELEASE/spring-web-4.1.1.RELEASE.jar
7fcd24e25000-7fcd24e27000 r--s 0000e000 08:04 9572678                    /home/suruchi/.m2/repository/commons-logging/commons-logging/1.1.3/commons-logging-1.1.3.jar
7fcd24e27000-7fcd24e3c000 r--s 000e1000 08:04 9572677                    /home/suruchi/.m2/repository/org/springframework/spring-core/4.1.1.RELEASE/spring-core-4.1.1.RELEASE.jar
7fcd24e3c000-7fcd24e3e000 r--s 00003000 08:04 9701852                    /home/suruchi/.m2/repository/org/mortbay/jetty/start/6.1.10/start-6.1.10.jar
7fcd24e3e000-7fcd24e3f000 r--s 00002000 08:04 9701850                    /home/suruchi/.m2/repository/org/apache/geronimo/specs/geronimo-annotation_1.0_spec/1.0/geronimo-annotation_1.0_spec-1.0.jar
7fcd24e3f000-7fcd24e40000 r--s 00002000 08:04 9701848                    /home/suruchi/.m2/repository/org/mortbay/jetty/jetty-annotations/6.1.10/jetty-annotations-6.1.10.jar
7fcd24e40000-7fcd24e4f000 r--s 000ee000 08:04 9701846                    /home/suruchi/.m2/repository/ant/ant/1.6.5/ant-1.6.5.jar
7fcd24e4f000-7fcd24e53000 r--s 0001d000 08:04 9701844                    /home/suruchi/.m2/repository/org/mortbay/jetty/jsp-api-2.1/6.1.10/jsp-api-2.1-6.1.10.jar
7fcd24e53000-7fcd24e76000 r--s 00344000 08:04 9701842                    /home/suruchi/.m2/repository/org/eclipse/jdt/core/3.1.1/core-3.1.1.jar
7fcd24e76000-7fcd24e87000 r--s 000e9000 08:04 9701840                    /home/suruchi/.m2/repository/org/mortbay/jetty/jsp-2.1/6.1.10/jsp-2.1-6.1.10.jar
7fcd24e87000-7fcd24e8a000 r--s 00006000 08:04 9701838                    /home/suruchi/.m2/repository/org/mortbay/jetty/jetty-management/6.1.10/jetty-management-6.1.10.jar
7fcd24e8a000-7fcd24e8c000 r--s 0000e000 08:04 9701836                    /home/suruchi/.m2/repository/javax/activation/activation/1.1/activation-1.1.jar
7fcd24e8c000-7fcd24e92000 r--s 00059000 08:04 9701835                    /home/suruchi/.m2/repository/javax/mail/mail/1.4/mail-1.4.jar
7fcd24e92000-7fcd24e93000 r--s 00006000 08:04 9701832                    /home/suruchi/.m2/repository/org/mortbay/jetty/jetty-naming/6.1.10/jetty-naming-6.1.10.jar
7fcd24e93000-7fcd24e95000 r--s 00002000 08:04 9701830                    /home/suruchi/.m2/repository/geronimo-spec/geronimo-spec-jta/1.0.1B-rc4/geronimo-spec-jta-1.0.1B-rc4.jar
7fcd24e95000-7fcd24e97000 r--s 0000e000 08:04 9701828                    /home/suruchi/.m2/repository/org/mortbay/jetty/jetty-plus/6.1.10/jetty-plus-6.1.10.jar
7fcd24e97000-7fcd24e99000 r--s 00004000 08:04 9701826                    /home/suruchi/.m2/repository/org/apache/maven/maven-plugin-tools-api/2.0/maven-plugin-tools-api-2.0.jar
7fcd24e99000-7fcd24e9d000 r--s 00034000 08:04 9572522                    /home/suruchi/.m2/repository/org/codehaus/plexus/plexus-utils/1.5.15/plexus-utils-1.5.15.jar
7fcd24e9d000-7fcd24ea0000 r--s 0001e000 08:04 9701824                    /home/suruchi/.m2/repository/org/mortbay/jetty/servlet-api-2.5/6.1.10/servlet-api-2.5-6.1.10.jar
7fcd24ea0000-7fcd24ea4000 r--s 00024000 08:04 9701823                    /home/suruchi/.m2/repository/org/mortbay/jetty/jetty-util/6.1.10/jetty-util-6.1.10.jar
7fcd24ea4000-7fcd24eaa000 r--s 00074000 08:04 9701822                    /home/suruchi/.m2/repository/org/mortbay/jetty/jetty/6.1.10/jetty-6.1.10.jar
7fcd24eaa000-7fcd250aa000 rw-p 00000000 00:00 0 
7fcd250aa000-7fcd25122000 r--s 010ee000 08:04 2756097                    /usr/lib/jvm/java-8-openjdk-amd64/lib/tools.jar
7fcd25122000-7fcd25123000 r--s 00003000 08:04 9701337                    /home/suruchi/.m2/repository/org/codehaus/plexus/plexus-compiler-javac/1.9.1/plexus-compiler-javac-1.9.1.jar
7fcd25123000-7fcd25125000 r--s 00000000 08:04 9701334                    /home/suruchi/.m2/repository/org/codehaus/plexus/plexus-compiler-manager/1.9.1/plexus-compiler-manager-1.9.1.jar
7fcd25125000-7fcd25127000 r--s 00004000 08:04 9701331                    /home/suruchi/.m2/repository/org/codehaus/plexus/plexus-compiler-api/1.9.1/plexus-compiler-api-1.9.1.jar
7fcd25127000-7fcd2512b000 r--s 00034000 08:04 9701421                    /home/suruchi/.m2/repository/org/codehaus/plexus/plexus-utils/3.0/plexus-utils-3.0.jar
7fcd2512b000-7fcd2512e000 ---p 00000000 00:00 0 
7fcd2512e000-7fcd2522c000 rw-p 00000000 00:00 0                          [stack:12590]
7fcd2522c000-7fcd2522f000 ---p 00000000 00:00 0 
7fcd2522f000-7fcd2552d000 rw-p 00000000 00:00 0                          [stack:12589]
7fcd2552d000-7fcd2552f000 r--s 0000b000 08:04 9701302                    /home/suruchi/.m2/repository/org/codehaus/plexus/plexus-interpolation/1.6/plexus-interpolation-1.6.jar
7fcd2552f000-7fcd25531000 r--s 00007000 08:04 9700605                    /home/suruchi/.m2/repository/org/apache/maven/shared/maven-filtering/1.0-beta-2/maven-filtering-1.0-beta-2.jar
7fcd25531000-7fcd25536000 r--s 00039000 08:04 9700392                    /home/suruchi/.m2/repository/org/codehaus/plexus/plexus-utils/1.5.6/plexus-utils-1.5.6.jar
7fcd25536000-7fcd25539000 ---p 00000000 00:00 0 
7fcd25539000-7fcd25637000 rw-p 00000000 00:00 0                          [stack:12586]
7fcd25637000-7fcd2563a000 ---p 00000000 00:00 0 
7fcd2563a000-7fcd25738000 rw-p 00000000 00:00 0                          [stack:12585]
7fcd25738000-7fcd2573b000 ---p 00000000 00:00 0 
7fcd2573b000-7fcd25839000 rw-p 00000000 00:00 0                          [stack:12584]
7fcd25839000-7fcd2583b000 r--s 00006000 08:04 9700628                    /home/suruchi/.m2/repository/org/apache/maven/plugins/maven-surefire-plugin/2.10/maven-surefire-plugin-2.10.jar
7fcd2583b000-7fcd2583c000 r--s 00007000 08:04 9574829                    /home/suruchi/.m2/repository/org/apache/maven/plugins/maven-compiler-plugin/2.5.1/maven-compiler-plugin-2.5.1.jar
7fcd2583c000-7fcd2583e000 r--s 00004000 08:04 9701249                    /home/suruchi/.m2/repository/org/apache/maven/plugins/maven-resources-plugin/2.3/maven-resources-plugin-2.3.jar
7fcd2583e000-7fcd25840000 r--s 00008000 08:04 9701656                    /home/suruchi/.m2/repository/org/mortbay/jetty/maven-jetty-plugin/6.1.10/maven-jetty-plugin-6.1.10.jar
7fcd25840000-7fcd25845000 r--s 00094000 08:04 2625301                    /usr/lib/jvm/java-8-openjdk-amd64/jre/lib/jsse.jar
7fcd25845000-7fcd25848000 ---p 00000000 00:00 0 
7fcd25848000-7fcd2587e000 rw-p 00000000 00:00 0                          [stack:12583]
7fcd2587e000-7fcd258a7000 r--s 001fe000 08:04 1849179                    /usr/share/maven2/lib/maven-debian-uber.jar
7fcd258a7000-7fcd258c1000 r--s 001d3000 08:04 2625309                    /usr/lib/jvm/java-8-openjdk-amd64/jre/lib/ext/nashorn.jar
7fcd258c1000-7fcd258cc000 r--s 00116000 08:04 2625311                    /usr/lib/jvm/java-8-openjdk-amd64/jre/lib/ext/localedata.jar
7fcd258cc000-7fcd258cd000 ---p 00000000 00:00 0 
7fcd258cd000-7fcd259cd000 rw-p 00000000 00:00 0                          [stack:12580]
7fcd259cd000-7fcd259d0000 ---p 00000000 00:00 0 
7fcd259d0000-7fcd25ace000 rw-p 00000000 00:00 0                          [stack:12579]
7fcd25ace000-7fcd25ad1000 ---p 00000000 00:00 0 
7fcd25ad1000-7fcd25bcf000 rw-p 00000000 00:00 0                          [stack:12578]
7fcd25bcf000-7fcd25bd2000 ---p 00000000 00:00 0 
7fcd25bd2000-7fcd25cd0000 rw-p 00000000 00:00 0                          [stack:12577]
7fcd25cd0000-7fcd25cd3000 ---p 00000000 00:00 0 
7fcd25cd3000-7fcd25dd1000 rw-p 00000000 00:00 0                          [stack:12575]
7fcd25dd1000-7fcd25dd4000 ---p 00000000 00:00 0 
7fcd25dd4000-7fcd25ed2000 rw-p 00000000 00:00 0                          [stack:12574]
7fcd25ed2000-7fcd25ed5000 ---p 00000000 00:00 0 
7fcd25ed5000-7fcd25fd3000 rw-p 00000000 00:00 0                          [stack:12572]
7fcd25fd3000-7fcd25fd7000 r-xp 00000000 08:04 2625297                    /usr/lib/jvm/java-8-openjdk-amd64/jre/lib/amd64/libdt_socket.so
7fcd25fd7000-7fcd261d6000 ---p 00004000 08:04 2625297                    /usr/lib/jvm/java-8-openjdk-amd64/jre/lib/amd64/libdt_socket.so
7fcd261d6000-7fcd261d7000 r--p 00003000 08:04 2625297                    /usr/lib/jvm/java-8-openjdk-amd64/jre/lib/amd64/libdt_socket.so
7fcd261d7000-7fcd261d8000 rw-p 00004000 08:04 2625297                    /usr/lib/jvm/java-8-openjdk-amd64/jre/lib/amd64/libdt_socket.so
7fcd261d8000-7fcd261db000 ---p 00000000 00:00 0 
7fcd261db000-7fcd262d9000 rw-p 00000000 00:00 0                          [stack:12571]
7fcd262d9000-7fcd262dc000 ---p 00000000 00:00 0 
7fcd262dc000-7fcd263da000 rw-p 00000000 00:00 0                          [stack:12570]
7fcd263da000-7fcd263dd000 ---p 00000000 00:00 0 
7fcd263dd000-7fcd264db000 rw-p 00000000 00:00 0                          [stack:12569]
7fcd264db000-7fcd264dc000 ---p 00000000 00:00 0 
7fcd264dc000-7fcd29000000 rw-p 00000000 00:00 0                          [stack:12568]
7fcd29000000-7fcd29ae0000 rwxp 00000000 00:00 0 
7fcd29ae0000-7fcd38000000 ---p 00000000 00:00 0 
7fcd38000000-7fcd3897e000 rw-p 00000000 00:00 0 
7fcd3897e000-7fcd3c000000 ---p 00000000 00:00 0 
7fcd3c000000-7fcd3c001000 r--p 00000000 00:00 0 
7fcd3c001000-7fcd3c003000 r--s 00016000 08:04 9707076                    /home/suruchi/intelij14/idea-IU-139.1603.1/lib/idea_rt.jar
7fcd3c003000-7fcd3c005000 r--s 00008000 08:04 2236039                    /usr/share/java/classworlds-1.1.jar
7fcd3c005000-7fcd3c006000 r--s 00008000 08:04 2625310                    /usr/lib/jvm/java-8-openjdk-amd64/jre/lib/ext/sunec.jar
7fcd3c006000-7fcd3c009000 r--s 00037000 08:04 2625316                    /usr/lib/jvm/java-8-openjdk-amd64/jre/lib/ext/sunpkcs11.jar
7fcd3c009000-7fcd3c00b000 r--s 00006000 08:04 2228541                    /usr/share/java/java-atk-wrapper.jar
7fcd3c00b000-7fcd3c027000 r--s 00393000 08:04 2625308                    /usr/lib/jvm/java-8-openjdk-amd64/jre/lib/ext/cldrdata.jar
7fcd3c027000-7fcd3c029000 r--s 00001000 08:04 2625314                    /usr/lib/jvm/java-8-openjdk-amd64/jre/lib/ext/dnsns.jar
7fcd3c029000-7fcd3c591000 rw-p 00000000 00:00 0 
7fcd3c591000-7fcd3c75e000 r--s 03bd3000 08:04 2625334                    /usr/lib/jvm/java-8-openjdk-amd64/jre/lib/rt.jar
7fcd3c75e000-7fcd3c9b6000 rw-p 00000000 00:00 0 
7fcd3c9b6000-7fcd3c9b7000 ---p 00000000 00:00 0 
7fcd3c9b7000-7fcd3cab7000 rw-p 00000000 00:00 0                          [stack:12566]
7fcd3cab7000-7fcd3cab8000 ---p 00000000 00:00 0 
7fcd3cab8000-7fcd3cbcd000 rw-p 00000000 00:00 0                          [stack:12565]
7fcd3cbcd000-7fcd3ccfa000 ---p 00000000 00:00 0 
7fcd3ccfa000-7fcd3cd0f000 rw-p 00000000 00:00 0 
7fcd3cd0f000-7fcd3ce3b000 ---p 00000000 00:00 0 
7fcd3ce3b000-7fcd3ce84000 rw-p 00000000 00:00 0 
7fcd3ce84000-7fcd3cedc000 ---p 00000000 00:00 0 
7fcd3cedc000-7fcd3cf09000 rw-p 00000000 00:00 0 
7fcd3cf09000-7fcd3d29d000 ---p 00000000 00:00 0 
7fcd3d29d000-7fcd3d2a5000 r-xp 00000000 08:04 2625265                    /usr/lib/jvm/java-8-openjdk-amd64/jre/lib/amd64/libzip.so
7fcd3d2a5000-7fcd3d4a4000 ---p 00008000 08:04 2625265                    /usr/lib/jvm/java-8-openjdk-amd64/jre/lib/amd64/libzip.so
7fcd3d4a4000-7fcd3d4a5000 r--p 00007000 08:04 2625265                    /usr/lib/jvm/java-8-openjdk-amd64/jre/lib/amd64/libzip.so
7fcd3d4a5000-7fcd3d4a6000 rw-p 00008000 08:04 2625265                    /usr/lib/jvm/java-8-openjdk-amd64/jre/lib/amd64/libzip.so
7fcd3d4a6000-7fcd3d4b2000 r-xp 00000000 08:04 8130811                    /lib/x86_64-linux-gnu/libnss_files-2.21.so
7fcd3d4b2000-7fcd3d6b1000 ---p 0000c000 08:04 8130811                    /lib/x86_64-linux-gnu/libnss_files-2.21.so
7fcd3d6b1000-7fcd3d6b2000 r--p 0000b000 08:04 8130811                    /lib/x86_64-linux-gnu/libnss_files-2.21.so
7fcd3d6b2000-7fcd3d6b3000 rw-p 0000c000 08:04 8130811                    /lib/x86_64-linux-gnu/libnss_files-2.21.so
7fcd3d6b3000-7fcd3d6be000 r-xp 00000000 08:04 8130821                    /lib/x86_64-linux-gnu/libnss_nis-2.21.so
7fcd3d6be000-7fcd3d8bd000 ---p 0000b000 08:04 8130821                    /lib/x86_64-linux-gnu/libnss_nis-2.21.so
7fcd3d8bd000-7fcd3d8be000 r--p 0000a000 08:04 8130821                    /lib/x86_64-linux-gnu/libnss_nis-2.21.so
7fcd3d8be000-7fcd3d8bf000 rw-p 0000b000 08:04 8130821                    /lib/x86_64-linux-gnu/libnss_nis-2.21.so
7fcd3d8bf000-7fcd3d8d6000 r-xp 00000000 08:04 8130805                    /lib/x86_64-linux-gnu/libnsl-2.21.so
7fcd3d8d6000-7fcd3dad5000 ---p 00017000 08:04 8130805                    /lib/x86_64-linux-gnu/libnsl-2.21.so
7fcd3dad5000-7fcd3dad6000 r--p 00016000 08:04 8130805                    /lib/x86_64-linux-gnu/libnsl-2.21.so
7fcd3dad6000-7fcd3dad7000 rw-p 00017000 08:04 8130805                    /lib/x86_64-linux-gnu/libnsl-2.21.so
7fcd3dad7000-7fcd3dad9000 rw-p 00000000 00:00 0 
7fcd3dad9000-7fcd3dae1000 r-xp 00000000 08:04 8130807                    /lib/x86_64-linux-gnu/libnss_compat-2.21.so
7fcd3dae1000-7fcd3dce0000 ---p 00008000 08:04 8130807                    /lib/x86_64-linux-gnu/libnss_compat-2.21.so
7fcd3dce0000-7fcd3dce1000 r--p 00007000 08:04 8130807                    /lib/x86_64-linux-gnu/libnss_compat-2.21.so
7fcd3dce1000-7fcd3dce2000 rw-p 00008000 08:04 8130807                    /lib/x86_64-linux-gnu/libnss_compat-2.21.so
7fcd3dce2000-7fcd3e3c4000 r--p 00000000 08:04 1842385                    /usr/lib/locale/locale-archive
7fcd3e3c4000-7fcd3e3c6000 r-xp 00000000 08:04 2625274                    /usr/lib/jvm/java-8-openjdk-amd64/jre/lib/amd64/libnpt.so
7fcd3e3c6000-7fcd3e5c6000 ---p 00002000 08:04 2625274                    /usr/lib/jvm/java-8-openjdk-amd64/jre/lib/amd64/libnpt.so
7fcd3e5c6000-7fcd3e5c7000 r--p 00002000 08:04 2625274                    /usr/lib/jvm/java-8-openjdk-amd64/jre/lib/amd64/libnpt.so
7fcd3e5c7000-7fcd3e5c8000 rw-p 00003000 08:04 2625274                    /usr/lib/jvm/java-8-openjdk-amd64/jre/lib/amd64/libnpt.so
7fcd3e5c8000-7fcd3e603000 r-xp 00000000 08:04 2625276                    /usr/lib/jvm/java-8-openjdk-amd64/jre/lib/amd64/libjdwp.so
7fcd3e603000-7fcd3e802000 ---p 0003b000 08:04 2625276                    /usr/lib/jvm/java-8-openjdk-amd64/jre/lib/amd64/libjdwp.so
7fcd3e802000-7fcd3e803000 r--p 0003a000 08:04 2625276                    /usr/lib/jvm/java-8-openjdk-amd64/jre/lib/amd64/libjdwp.so
7fcd3e803000-7fcd3e804000 rw-p 0003b000 08:04 2625276                    /usr/lib/jvm/java-8-openjdk-amd64/jre/lib/amd64/libjdwp.so
7fcd3e804000-7fcd3e805000 rw-p 00000000 00:00 0 
7fcd3e805000-7fcd3e833000 r-xp 00000000 08:04 2625262                    /usr/lib/jvm/java-8-openjdk-amd64/jre/lib/amd64/libjava.so
7fcd3e833000-7fcd3ea32000 ---p 0002e000 08:04 2625262                    /usr/lib/jvm/java-8-openjdk-amd64/jre/lib/amd64/libjava.so
7fcd3ea32000-7fcd3ea33000 r--p 0002d000 08:04 2625262                    /usr/lib/jvm/java-8-openjdk-amd64/jre/lib/amd64/libjava.so
7fcd3ea33000-7fcd3ea35000 rw-p 0002e000 08:04 2625262                    /usr/lib/jvm/java-8-openjdk-amd64/jre/lib/amd64/libjava.so
7fcd3ea35000-7fcd3ea44000 r-xp 00000000 08:04 2625277                    /usr/lib/jvm/java-8-openjdk-amd64/jre/lib/amd64/libverify.so
7fcd3ea44000-7fcd3ec44000 ---p 0000f000 08:04 2625277                    /usr/lib/jvm/java-8-openjdk-amd64/jre/lib/amd64/libverify.so
7fcd3ec44000-7fcd3ec47000 r--p 0000f000 08:04 2625277                    /usr/lib/jvm/java-8-openjdk-amd64/jre/lib/amd64/libverify.so
7fcd3ec47000-7fcd3ec48000 rw-p 00012000 08:04 2625277                    /usr/lib/jvm/java-8-openjdk-amd64/jre/lib/amd64/libverify.so
7fcd3ec48000-7fcd3ec4f000 r-xp 00000000 08:04 8130866                    /lib/x86_64-linux-gnu/librt-2.21.so
7fcd3ec4f000-7fcd3ee4e000 ---p 00007000 08:04 8130866                    /lib/x86_64-linux-gnu/librt-2.21.so
7fcd3ee4e000-7fcd3ee4f000 r--p 00006000 08:04 8130866                    /lib/x86_64-linux-gnu/librt-2.21.so
7fcd3ee4f000-7fcd3ee50000 rw-p 00007000 08:04 8130866                    /lib/x86_64-linux-gnu/librt-2.21.so
7fcd3ee50000-7fcd3ee66000 r-xp 00000000 08:04 8131880                    /lib/x86_64-linux-gnu/libgcc_s.so.1
7fcd3ee66000-7fcd3f065000 ---p 00016000 08:04 8131880                    /lib/x86_64-linux-gnu/libgcc_s.so.1
7fcd3f065000-7fcd3f066000 rw-p 00015000 08:04 8131880                    /lib/x86_64-linux-gnu/libgcc_s.so.1
7fcd3f066000-7fcd3f16d000 r-xp 00000000 08:04 8130784                    /lib/x86_64-linux-gnu/libm-2.21.so
7fcd3f16d000-7fcd3f36c000 ---p 00107000 08:04 8130784                    /lib/x86_64-linux-gnu/libm-2.21.so
7fcd3f36c000-7fcd3f36d000 r--p 00106000 08:04 8130784                    /lib/x86_64-linux-gnu/libm-2.21.so
7fcd3f36d000-7fcd3f36e000 rw-p 00107000 08:04 8130784                    /lib/x86_64-linux-gnu/libm-2.21.so
7fcd3f36e000-7fcd3f45e000 r-xp 00000000 08:04 1844335                    /usr/lib/x86_64-linux-gnu/libstdc++.so.6.0.20
7fcd3f45e000-7fcd3f65e000 ---p 000f0000 08:04 1844335                    /usr/lib/x86_64-linux-gnu/libstdc++.so.6.0.20
7fcd3f65e000-7fcd3f666000 r--p 000f0000 08:04 1844335                    /usr/lib/x86_64-linux-gnu/libstdc++.so.6.0.20
7fcd3f666000-7fcd3f668000 rw-p 000f8000 08:04 1844335                    /usr/lib/x86_64-linux-gnu/libstdc++.so.6.0.20
7fcd3f668000-7fcd3f67d000 rw-p 00000000 00:00 0 
7fcd3f67d000-7fcd4030a000 r-xp 00000000 08:04 2625289                    /usr/lib/jvm/java-8-openjdk-amd64/jre/lib/amd64/server/libjvm.so
7fcd4030a000-7fcd4050a000 ---p 00c8d000 08:04 2625289                    /usr/lib/jvm/java-8-openjdk-amd64/jre/lib/amd64/server/libjvm.so
7fcd4050a000-7fcd405ad000 r--p 00c8d000 08:04 2625289                    /usr/lib/jvm/java-8-openjdk-amd64/jre/lib/amd64/server/libjvm.so
7fcd405ad000-7fcd405d6000 rw-p 00d30000 08:04 2625289                    /usr/lib/jvm/java-8-openjdk-amd64/jre/lib/amd64/server/libjvm.so
7fcd405d6000-7fcd40605000 rw-p 00000000 00:00 0 
7fcd40605000-7fcd4061d000 r-xp 00000000 08:04 8130858                    /lib/x86_64-linux-gnu/libpthread-2.21.so
7fcd4061d000-7fcd4081d000 ---p 00018000 08:04 8130858                    /lib/x86_64-linux-gnu/libpthread-2.21.so
7fcd4081d000-7fcd4081e000 r--p 00018000 08:04 8130858                    /lib/x86_64-linux-gnu/libpthread-2.21.so
7fcd4081e000-7fcd4081f000 rw-p 00019000 08:04 8130858                    /lib/x86_64-linux-gnu/libpthread-2.21.so
7fcd4081f000-7fcd40823000 rw-p 00000000 00:00 0 
7fcd40823000-7fcd40826000 r-xp 00000000 08:04 8130742                    /lib/x86_64-linux-gnu/libdl-2.21.so
7fcd40826000-7fcd40a25000 ---p 00003000 08:04 8130742                    /lib/x86_64-linux-gnu/libdl-2.21.so
7fcd40a25000-7fcd40a26000 r--p 00002000 08:04 8130742                    /lib/x86_64-linux-gnu/libdl-2.21.so
7fcd40a26000-7fcd40a27000 rw-p 00003000 08:04 8130742                    /lib/x86_64-linux-gnu/libdl-2.21.so
7fcd40a27000-7fcd40a40000 r-xp 00000000 08:04 8130899                    /lib/x86_64-linux-gnu/libz.so.1.2.8
7fcd40a40000-7fcd40c40000 ---p 00019000 08:04 8130899                    /lib/x86_64-linux-gnu/libz.so.1.2.8
7fcd40c40000-7fcd40c41000 r--p 00019000 08:04 8130899                    /lib/x86_64-linux-gnu/libz.so.1.2.8
7fcd40c41000-7fcd40c42000 rw-p 0001a000 08:04 8130899                    /lib/x86_64-linux-gnu/libz.so.1.2.8
7fcd40c42000-7fcd40e02000 r-xp 00000000 08:04 8130725                    /lib/x86_64-linux-gnu/libc-2.21.so
7fcd40e02000-7fcd41002000 ---p 001c0000 08:04 8130725                    /lib/x86_64-linux-gnu/libc-2.21.so
7fcd41002000-7fcd41006000 r--p 001c0000 08:04 8130725                    /lib/x86_64-linux-gnu/libc-2.21.so
7fcd41006000-7fcd41008000 rw-p 001c4000 08:04 8130725                    /lib/x86_64-linux-gnu/libc-2.21.so
7fcd41008000-7fcd4100c000 rw-p 00000000 00:00 0 
7fcd4100c000-7fcd4101a000 r-xp 00000000 08:04 2625296                    /usr/lib/jvm/java-8-openjdk-amd64/jre/lib/amd64/jli/libjli.so
7fcd4101a000-7fcd41219000 ---p 0000e000 08:04 2625296                    /usr/lib/jvm/java-8-openjdk-amd64/jre/lib/amd64/jli/libjli.so
7fcd41219000-7fcd4121a000 r--p 0000d000 08:04 2625296                    /usr/lib/jvm/java-8-openjdk-amd64/jre/lib/amd64/jli/libjli.so
7fcd4121a000-7fcd4121b000 rw-p 0000e000 08:04 2625296                    /usr/lib/jvm/java-8-openjdk-amd64/jre/lib/amd64/jli/libjli.so
7fcd4121b000-7fcd4123f000 r-xp 00000000 08:04 8130697                    /lib/x86_64-linux-gnu/ld-2.21.so
7fcd4123f000-7fcd41245000 r--s 0003a000 08:04 2625313                    /usr/lib/jvm/java-8-openjdk-amd64/jre/lib/ext/sunjce_provider.jar
7fcd41245000-7fcd41315000 rw-p 00000000 00:00 0 
7fcd41315000-7fcd41318000 ---p 00000000 00:00 0 
7fcd41318000-7fcd4141b000 rw-p 00000000 00:00 0                          [stack:12561]
7fcd4141b000-7fcd4141c000 r--s 00010000 08:04 2625312                    /usr/lib/jvm/java-8-openjdk-amd64/jre/lib/ext/zipfs.jar
7fcd4141c000-7fcd4141f000 r--s 0000f000 08:04 2625315                    /usr/lib/jvm/java-8-openjdk-amd64/jre/lib/ext/icedtea-sound.jar
7fcd4141f000-7fcd41432000 rw-p 00000000 00:00 0 
7fcd41432000-7fcd4143a000 rw-s 00000000 08:04 3419967                    /tmp/hsperfdata_suruchi/12557
7fcd4143a000-7fcd4143b000 rw-p 00000000 00:00 0 
7fcd4143b000-7fcd4143c000 ---p 00000000 00:00 0 
7fcd4143c000-7fcd4143e000 rw-p 00000000 00:00 0 
7fcd4143e000-7fcd4143f000 r--p 00023000 08:04 8130697                    /lib/x86_64-linux-gnu/ld-2.21.so
7fcd4143f000-7fcd41440000 rw-p 00024000 08:04 8130697                    /lib/x86_64-linux-gnu/ld-2.21.so
7fcd41440000-7fcd41441000 rw-p 00000000 00:00 0 
7ffc08378000-7ffc08399000 rw-p 00000000 00:00 0                          [stack]
7ffc083ec000-7ffc083ee000 r--p 00000000 00:00 0                          [vvar]
7ffc083ee000-7ffc083f0000 r-xp 00000000 00:00 0                          [vdso]
ffffffffff600000-ffffffffff601000 r-xp 00000000 00:00 0                  [vsyscall]

VM Arguments:
jvm_args: -agentlib:jdwp=transport=dt_socket,address=127.0.0.1:34869,suspend=y,server=n -Dmaven.home=/usr/share/maven2 -Dclassworlds.conf=/usr/share/maven2/bin/m2.conf -Dfile.encoding=UTF-8 
java_command: org.codehaus.classworlds.Launcher -Didea.version=14.0.4 --no-plugin-registry jetty:run
java_class_path (initial): /usr/share/maven2/boot/classworlds.jar:/home/suruchi/intelij14/idea-IU-139.1603.1/lib/idea_rt.jar
Launcher Type: SUN_STANDARD

Environment Variables:
CLASSPATH=/home/suruchi/intelij14/idea-IU-139.1603.1/bin/../lib/bootstrap.jar:/home/suruchi/intelij14/idea-IU-139.1603.1/bin/../lib/extensions.jar:/home/suruchi/intelij14/idea-IU-139.1603.1/bin/../lib/util.jar:/home/suruchi/intelij14/idea-IU-139.1603.1/bin/../lib/jdom.jar:/home/suruchi/intelij14/idea-IU-139.1603.1/bin/../lib/log4j.jar:/home/suruchi/intelij14/idea-IU-139.1603.1/bin/../lib/trove4j.jar:/home/suruchi/intelij14/idea-IU-139.1603.1/bin/../lib/jna.jar:/usr/lib/jvm/java-8-openjdk-amd64/lib/tools.jar
PATH=/usr/local/sbin:/usr/local/bin:/usr/sbin:/usr/bin:/sbin:/bin:/usr/games:/usr/local/games
LD_LIBRARY_PATH=/home/suruchi/intelij14/idea-IU-139.1603.1/bin:
SHELL=/bin/bash
DISPLAY=:0

Signal Handlers:
SIGSEGV: [libjvm.so+0xa90d80], sa_mask[0]=11111111011111111101111111111110, sa_flags=SA_RESTART|SA_SIGINFO
SIGBUS: [libjvm.so+0xa90d80], sa_mask[0]=11111111011111111101111111111110, sa_flags=SA_RESTART|SA_SIGINFO
SIGFPE: [libjvm.so+0x8dbc70], sa_mask[0]=11111111011111111101111111111110, sa_flags=SA_RESTART|SA_SIGINFO
SIGPIPE: [libjvm.so+0x8dbc70], sa_mask[0]=11111111011111111101111111111110, sa_flags=SA_RESTART|SA_SIGINFO
SIGXFSZ: [libjvm.so+0x8dbc70], sa_mask[0]=11111111011111111101111111111110, sa_flags=SA_RESTART|SA_SIGINFO
SIGILL: [libjvm.so+0x8dbc70], sa_mask[0]=11111111011111111101111111111110, sa_flags=SA_RESTART|SA_SIGINFO
SIGUSR1: SIG_DFL, sa_mask[0]=00000000000000000000000000000000, sa_flags=none
SIGUSR2: [libjvm.so+0x8dbb20], sa_mask[0]=00100000000000000000000000000000, sa_flags=SA_RESTART|SA_SIGINFO
SIGHUP: [libjvm.so+0x8dbd40], sa_mask[0]=11111111011111111101111111111110, sa_flags=SA_RESTART|SA_SIGINFO
SIGINT: [libjvm.so+0x8dbd40], sa_mask[0]=11111111011111111101111111111110, sa_flags=SA_RESTART|SA_SIGINFO
SIGTERM: [libjvm.so+0x8dbd40], sa_mask[0]=11111111011111111101111111111110, sa_flags=SA_RESTART|SA_SIGINFO
SIGQUIT: [libjvm.so+0x8dbd40], sa_mask[0]=11111111011111111101111111111110, sa_flags=SA_RESTART|SA_SIGINFO


---------------  S Y S T E M  ---------------

OS:DISTRIB_ID=Ubuntu
DISTRIB_RELEASE=15.04
DISTRIB_CODENAME=vivid
DISTRIB_DESCRIPTION="Ubuntu 15.04"

uname:Linux 3.19.0-43-generic #49-Ubuntu SMP Sun Dec 27 19:43:07 UTC 2015 x86_64
libc:glibc 2.21 NPTL 2.21 
rlimit: STACK 8192k, CORE 0k, NPROC 15324, NOFILE 65536, AS infinity
load average:3.79 1.95 1.92

/proc/meminfo:
MemTotal:        3945456 kB
MemFree:          115884 kB
MemAvailable:      62108 kB
Buffers:             700 kB
Cached:           349680 kB
SwapCached:            0 kB
Active:          3405876 kB
Inactive:         286280 kB
Active(anon):    3395188 kB
Inactive(anon):   265924 kB
Active(file):      10688 kB
Inactive(file):    20356 kB
Unevictable:          32 kB
Mlocked:              32 kB
SwapTotal:             0 kB
SwapFree:              0 kB
Dirty:               328 kB
Writeback:             0 kB
AnonPages:       3342100 kB
Mapped:           119580 kB
Shmem:            319044 kB
Slab:              61552 kB
SReclaimable:      30340 kB
SUnreclaim:        31212 kB
KernelStack:       10160 kB
PageTables:        36616 kB
NFS_Unstable:          0 kB
Bounce:                0 kB
WritebackTmp:          0 kB
CommitLimit:     1972728 kB
Committed_AS:    7382948 kB
VmallocTotal:   34359738367 kB
VmallocUsed:      348316 kB
VmallocChunk:   34359335124 kB
HardwareCorrupted:     0 kB
AnonHugePages:   1509376 kB
CmaTotal:              0 kB
CmaFree:               0 kB
HugePages_Total:       0
HugePages_Free:        0
HugePages_Rsvd:        0
HugePages_Surp:        0
Hugepagesize:       2048 kB
DirectMap4k:      101624 kB
DirectMap2M:     3991552 kB


CPU:total 2 (2 cores per cpu, 1 threads per core) family 6 model 58 stepping 9, cmov, cx8, fxsr, mmx, sse, sse2, sse3, ssse3, sse4.1, sse4.2, popcnt, clmul, erms, tsc, tscinvbit, tscinv

/proc/cpuinfo:
processor	: 0
vendor_id	: GenuineIntel
cpu family	: 6
model		: 58
model name	: Intel(R) Celeron(R) CPU 1005M @ 1.90GHz
stepping	: 9
microcode	: 0x15
cpu MHz		: 1287.101
cache size	: 2048 KB
physical id	: 0
siblings	: 2
core id		: 0
cpu cores	: 2
apicid		: 0
initial apicid	: 0
fpu		: yes
fpu_exception	: yes
cpuid level	: 13
wp		: yes
flags		: fpu vme de pse tsc msr pae mce cx8 apic sep mtrr pge mca cmov pat pse36 clflush dts acpi mmx fxsr sse sse2 ss ht tm pbe syscall nx rdtscp lm constant_tsc arch_perfmon pebs bts rep_good nopl xtopology nonstop_tsc aperfmperf eagerfpu pni pclmulqdq dtes64 monitor ds_cpl vmx est tm2 ssse3 cx16 xtpr pdcm pcid sse4_1 sse4_2 x2apic popcnt tsc_deadline_timer xsave lahf_lm arat epb pln pts dtherm tpr_shadow vnmi flexpriority ept vpid fsgsbase smep erms xsaveopt
bugs		:
bogomips	: 3791.33
clflush size	: 64
cache_alignment	: 64
address sizes	: 36 bits physical, 48 bits virtual
power management:

processor	: 1
vendor_id	: GenuineIntel
cpu family	: 6
model		: 58
model name	: Intel(R) Celeron(R) CPU 1005M @ 1.90GHz
stepping	: 9
microcode	: 0x15
cpu MHz		: 1199.968
cache size	: 2048 KB
physical id	: 0
siblings	: 2
core id		: 1
cpu cores	: 2
apicid		: 2
initial apicid	: 2
fpu		: yes
fpu_exception	: yes
cpuid level	: 13
wp		: yes
flags		: fpu vme de pse tsc msr pae mce cx8 apic sep mtrr pge mca cmov pat pse36 clflush dts acpi mmx fxsr sse sse2 ss ht tm pbe syscall nx rdtscp lm constant_tsc arch_perfmon pebs bts rep_good nopl xtopology nonstop_tsc aperfmperf eagerfpu pni pclmulqdq dtes64 monitor ds_cpl vmx est tm2 ssse3 cx16 xtpr pdcm pcid sse4_1 sse4_2 x2apic popcnt tsc_deadline_timer xsave lahf_lm arat epb pln pts dtherm tpr_shadow vnmi flexpriority ept vpid fsgsbase smep erms xsaveopt
bugs		:
bogomips	: 3791.33
clflush size	: 64
cache_alignment	: 64
address sizes	: 36 bits physical, 48 bits virtual
power management:



Memory: 4k page, physical 3945456k(115884k free), swap 0k(0k free)

vm_info: OpenJDK 64-Bit Server VM (25.45-b02) for linux-amd64 JRE (1.8.0_45-internal-b14), built on Apr 20 2015 00:35:04 by "buildd" with gcc 4.9.2

time: Sat Apr 23 17:47:23 2016
elapsed time: 37 seconds (0d 0h 0m 37s)

